{"D:\\Sep-QRattendanceTeam04\\server\\index.js": {"path":"D:\\Sep-QRattendanceTeam04\\server\\index.js","statementMap":{"0":{"start":{"line":1,"column":16},"end":{"line":1,"column":34}},"1":{"start":{"line":2,"column":0},"end":{"line":2,"column":27}},"2":{"start":{"line":3,"column":15},"end":{"line":3,"column":32}},"3":{"start":{"line":5,"column":12},"end":{"line":5,"column":21}},"4":{"start":{"line":6,"column":19},"end":{"line":6,"column":52}},"5":{"start":{"line":8,"column":11},"end":{"line":13,"column":2}},"6":{"start":{"line":15,"column":0},"end":{"line":15,"column":24}},"7":{"start":{"line":17,"column":0},"end":{"line":17,"column":31}},"8":{"start":{"line":18,"column":0},"end":{"line":18,"column":31}},"9":{"start":{"line":19,"column":0},"end":{"line":19,"column":34}},"10":{"start":{"line":20,"column":0},"end":{"line":20,"column":26}},"11":{"start":{"line":21,"column":0},"end":{"line":21,"column":33}},"12":{"start":{"line":23,"column":13},"end":{"line":23,"column":37}},"13":{"start":{"line":25,"column":15},"end":{"line":27,"column":2}},"14":{"start":{"line":26,"column":2},"end":{"line":26,"column":46}},"15":{"start":{"line":29,"column":0},"end":{"line":29,"column":24}}},"fnMap":{"0":{"name":"(anonymous_0)","decl":{"start":{"line":25,"column":39},"end":{"line":25,"column":40}},"loc":{"start":{"line":25,"column":45},"end":{"line":27,"column":1}},"line":25}},"branchMap":{"0":{"loc":{"start":{"line":23,"column":13},"end":{"line":23,"column":37}},"type":"binary-expr","locations":[{"start":{"line":23,"column":13},"end":{"line":23,"column":29}},{"start":{"line":23,"column":33},"end":{"line":23,"column":37}}],"line":23}},"s":{"0":3,"1":3,"2":3,"3":3,"4":3,"5":3,"6":3,"7":3,"8":3,"9":3,"10":3,"11":3,"12":3,"13":3,"14":3,"15":3},"f":{"0":3},"b":{"0":[3,0]},"_coverageSchema":"1a1c01bbd47fc00a2c39e90264f33305004495a9","hash":"654bcdd83886f194fad3f7d2aca683b05b98444c"}
,"D:\\Sep-QRattendanceTeam04\\server\\middleware\\auth.js": {"path":"D:\\Sep-QRattendanceTeam04\\server\\middleware\\auth.js","statementMap":{"0":{"start":{"line":1,"column":12},"end":{"line":1,"column":35}},"1":{"start":{"line":2,"column":15},"end":{"line":2,"column":32}},"2":{"start":{"line":4,"column":0},"end":{"line":15,"column":2}},"3":{"start":{"line":5,"column":16},"end":{"line":5,"column":42}},"4":{"start":{"line":6,"column":2},"end":{"line":6,"column":78}},"5":{"start":{"line":6,"column":14},"end":{"line":6,"column":78}},"6":{"start":{"line":8,"column":2},"end":{"line":14,"column":3}},"7":{"start":{"line":9,"column":20},"end":{"line":9,"column":66}},"8":{"start":{"line":10,"column":4},"end":{"line":10,"column":23}},"9":{"start":{"line":11,"column":4},"end":{"line":11,"column":11}},"10":{"start":{"line":13,"column":4},"end":{"line":13,"column":42}}},"fnMap":{"0":{"name":"(anonymous_0)","decl":{"start":{"line":4,"column":17},"end":{"line":4,"column":18}},"loc":{"start":{"line":4,"column":43},"end":{"line":15,"column":1}},"line":4}},"branchMap":{"0":{"loc":{"start":{"line":6,"column":2},"end":{"line":6,"column":78}},"type":"if","locations":[{"start":{"line":6,"column":2},"end":{"line":6,"column":78}},{"start":{"line":6,"column":2},"end":{"line":6,"column":78}}],"line":6}},"s":{"0":4,"1":4,"2":4,"3":2,"4":2,"5":1,"6":1,"7":1,"8":1,"9":1,"10":0},"f":{"0":2},"b":{"0":[1,1]},"_coverageSchema":"1a1c01bbd47fc00a2c39e90264f33305004495a9","hash":"f746b62d7ed201259992c8dce7a1bc46d1496375"}
,"D:\\Sep-QRattendanceTeam04\\server\\middleware\\error.js": {"path":"D:\\Sep-QRattendanceTeam04\\server\\middleware\\error.js","statementMap":{"0":{"start":{"line":1,"column":16},"end":{"line":1,"column":34}},"1":{"start":{"line":3,"column":0},"end":{"line":12,"column":2}},"2":{"start":{"line":4,"column":2},"end":{"line":4,"column":34}},"3":{"start":{"line":11,"column":2},"end":{"line":11,"column":44}}},"fnMap":{"0":{"name":"(anonymous_0)","decl":{"start":{"line":3,"column":17},"end":{"line":3,"column":18}},"loc":{"start":{"line":3,"column":48},"end":{"line":12,"column":1}},"line":3}},"branchMap":{},"s":{"0":3,"1":3,"2":1,"3":1},"f":{"0":1},"b":{},"_coverageSchema":"1a1c01bbd47fc00a2c39e90264f33305004495a9","hash":"e0082121875afec1199c16def48d5bd35f2cf77a"}
,"D:\\Sep-QRattendanceTeam04\\server\\middleware\\validate.js": {"path":"D:\\Sep-QRattendanceTeam04\\server\\middleware\\validate.js","statementMap":{"0":{"start":{"line":1,"column":0},"end":{"line":8,"column":2}},"1":{"start":{"line":2,"column":2},"end":{"line":7,"column":4}},"2":{"start":{"line":3,"column":22},"end":{"line":3,"column":40}},"3":{"start":{"line":4,"column":4},"end":{"line":4,"column":69}},"4":{"start":{"line":4,"column":15},"end":{"line":4,"column":69}},"5":{"start":{"line":6,"column":4},"end":{"line":6,"column":11}}},"fnMap":{"0":{"name":"(anonymous_0)","decl":{"start":{"line":1,"column":17},"end":{"line":1,"column":18}},"loc":{"start":{"line":1,"column":31},"end":{"line":8,"column":1}},"line":1},"1":{"name":"(anonymous_1)","decl":{"start":{"line":2,"column":9},"end":{"line":2,"column":10}},"loc":{"start":{"line":2,"column":29},"end":{"line":7,"column":3}},"line":2}},"branchMap":{"0":{"loc":{"start":{"line":4,"column":4},"end":{"line":4,"column":69}},"type":"if","locations":[{"start":{"line":4,"column":4},"end":{"line":4,"column":69}},{"start":{"line":4,"column":4},"end":{"line":4,"column":69}}],"line":4}},"s":{"0":3,"1":45,"2":7,"3":7,"4":7,"5":0},"f":{"0":45,"1":7},"b":{"0":[7,0]},"_coverageSchema":"1a1c01bbd47fc00a2c39e90264f33305004495a9","hash":"bae0500dc6f1250771560f8b8304dedc9bbd1652"}
,"D:\\Sep-QRattendanceTeam04\\server\\middleware\\validateObjectId.js": {"path":"D:\\Sep-QRattendanceTeam04\\server\\middleware\\validateObjectId.js","statementMap":{"0":{"start":{"line":1,"column":17},"end":{"line":1,"column":36}},"1":{"start":{"line":3,"column":0},"end":{"line":8,"column":2}},"2":{"start":{"line":4,"column":2},"end":{"line":5,"column":47}},"3":{"start":{"line":5,"column":4},"end":{"line":5,"column":47}},"4":{"start":{"line":7,"column":2},"end":{"line":7,"column":9}}},"fnMap":{"0":{"name":"(anonymous_0)","decl":{"start":{"line":3,"column":17},"end":{"line":3,"column":18}},"loc":{"start":{"line":3,"column":43},"end":{"line":8,"column":1}},"line":3}},"branchMap":{"0":{"loc":{"start":{"line":4,"column":2},"end":{"line":5,"column":47}},"type":"if","locations":[{"start":{"line":4,"column":2},"end":{"line":5,"column":47}},{"start":{"line":4,"column":2},"end":{"line":5,"column":47}}],"line":4}},"s":{"0":3,"1":3,"2":0,"3":0,"4":0},"f":{"0":0},"b":{"0":[0,0]},"_coverageSchema":"1a1c01bbd47fc00a2c39e90264f33305004495a9","hash":"e1fac21d30d28564d3c327785a3e74990af2f517"}
,"D:\\Sep-QRattendanceTeam04\\server\\models\\classes.js": {"path":"D:\\Sep-QRattendanceTeam04\\server\\models\\classes.js","statementMap":{"0":{"start":{"line":1,"column":17},"end":{"line":1,"column":36}},"1":{"start":{"line":2,"column":12},"end":{"line":2,"column":55}},"2":{"start":{"line":4,"column":27},"end":{"line":4,"column":49}},"3":{"start":{"line":6,"column":29},"end":{"line":11,"column":2}},"4":{"start":{"line":13,"column":20},"end":{"line":68,"column":2}},"5":{"start":{"line":70,"column":16},"end":{"line":70,"column":54}},"6":{"start":{"line":73,"column":17},"end":{"line":87,"column":4}},"7":{"start":{"line":89,"column":2},"end":{"line":89,"column":34}},"8":{"start":{"line":93,"column":17},"end":{"line":100,"column":4}},"9":{"start":{"line":102,"column":2},"end":{"line":102,"column":34}},"10":{"start":{"line":105,"column":0},"end":{"line":105,"column":38}},"11":{"start":{"line":106,"column":0},"end":{"line":106,"column":56}},"12":{"start":{"line":107,"column":0},"end":{"line":107,"column":26}}},"fnMap":{"0":{"name":"validateClass","decl":{"start":{"line":72,"column":9},"end":{"line":72,"column":22}},"loc":{"start":{"line":72,"column":32},"end":{"line":90,"column":1}},"line":72},"1":{"name":"validateStudentInClass","decl":{"start":{"line":92,"column":9},"end":{"line":92,"column":31}},"loc":{"start":{"line":92,"column":41},"end":{"line":103,"column":1}},"line":92}},"branchMap":{},"s":{"0":3,"1":3,"2":3,"3":3,"4":3,"5":3,"6":3,"7":3,"8":0,"9":0,"10":3,"11":3,"12":3},"f":{"0":3,"1":0},"b":{},"_coverageSchema":"1a1c01bbd47fc00a2c39e90264f33305004495a9","hash":"fab8e1947c21d94766f3fe05865577625f24f768"}
,"D:\\Sep-QRattendanceTeam04\\server\\models\\faculties.js": {"path":"D:\\Sep-QRattendanceTeam04\\server\\models\\faculties.js","statementMap":{"0":{"start":{"line":1,"column":17},"end":{"line":1,"column":36}},"1":{"start":{"line":3,"column":22},"end":{"line":6,"column":2}},"2":{"start":{"line":8,"column":18},"end":{"line":8,"column":60}},"3":{"start":{"line":10,"column":0},"end":{"line":10,"column":38}},"4":{"start":{"line":11,"column":0},"end":{"line":11,"column":30}}},"fnMap":{},"branchMap":{},"s":{"0":5,"1":5,"2":5,"3":5,"4":5},"f":{},"b":{},"_coverageSchema":"1a1c01bbd47fc00a2c39e90264f33305004495a9","hash":"4906d9e0327f39eb235ddccc98f203320bab9d57"}
,"D:\\Sep-QRattendanceTeam04\\server\\models\\roles.js": {"path":"D:\\Sep-QRattendanceTeam04\\server\\models\\roles.js","statementMap":{"0":{"start":{"line":1,"column":17},"end":{"line":1,"column":36}},"1":{"start":{"line":3,"column":19},"end":{"line":5,"column":2}},"2":{"start":{"line":7,"column":14},"end":{"line":7,"column":49}},"3":{"start":{"line":9,"column":0},"end":{"line":9,"column":32}},"4":{"start":{"line":10,"column":0},"end":{"line":10,"column":22}}},"fnMap":{},"branchMap":{},"s":{"0":5,"1":5,"2":5,"3":5,"4":5},"f":{},"b":{},"_coverageSchema":"1a1c01bbd47fc00a2c39e90264f33305004495a9","hash":"a37e682e9ebfacf09d91c03e4fa64ceda08ed6dd"}
,"D:\\Sep-QRattendanceTeam04\\server\\models\\semesters.js": {"path":"D:\\Sep-QRattendanceTeam04\\server\\models\\semesters.js","statementMap":{"0":{"start":{"line":1,"column":17},"end":{"line":1,"column":36}},"1":{"start":{"line":2,"column":12},"end":{"line":2,"column":26}},"2":{"start":{"line":4,"column":23},"end":{"line":10,"column":2}},"3":{"start":{"line":12,"column":18},"end":{"line":12,"column":61}},"4":{"start":{"line":15,"column":17},"end":{"line":19,"column":4}},"5":{"start":{"line":21,"column":2},"end":{"line":21,"column":34}},"6":{"start":{"line":24,"column":0},"end":{"line":24,"column":40}},"7":{"start":{"line":25,"column":0},"end":{"line":25,"column":44}},"8":{"start":{"line":26,"column":0},"end":{"line":26,"column":30}}},"fnMap":{"0":{"name":"validateSemester","decl":{"start":{"line":14,"column":9},"end":{"line":14,"column":25}},"loc":{"start":{"line":14,"column":35},"end":{"line":22,"column":1}},"line":14}},"branchMap":{},"s":{"0":3,"1":3,"2":3,"3":3,"4":4,"5":4,"6":3,"7":3,"8":3},"f":{"0":4},"b":{},"_coverageSchema":"1a1c01bbd47fc00a2c39e90264f33305004495a9","hash":"7ef78a865c485c08726715294168892f28a3fafd"}
,"D:\\Sep-QRattendanceTeam04\\server\\models\\students.js": {"path":"D:\\Sep-QRattendanceTeam04\\server\\models\\students.js","statementMap":{"0":{"start":{"line":1,"column":17},"end":{"line":1,"column":36}},"1":{"start":{"line":2,"column":12},"end":{"line":2,"column":26}},"2":{"start":{"line":3,"column":12},"end":{"line":3,"column":35}},"3":{"start":{"line":4,"column":15},"end":{"line":4,"column":32}},"4":{"start":{"line":6,"column":22},"end":{"line":13,"column":1}},"5":{"start":{"line":15,"column":22},"end":{"line":49,"column":2}},"6":{"start":{"line":51,"column":0},"end":{"line":62,"column":2}},"7":{"start":{"line":52,"column":16},"end":{"line":60,"column":3}},"8":{"start":{"line":61,"column":2},"end":{"line":61,"column":15}},"9":{"start":{"line":64,"column":17},"end":{"line":64,"column":58}},"10":{"start":{"line":67,"column":17},"end":{"line":71,"column":4}},"11":{"start":{"line":73,"column":2},"end":{"line":73,"column":34}},"12":{"start":{"line":76,"column":0},"end":{"line":76,"column":28}},"13":{"start":{"line":77,"column":0},"end":{"line":77,"column":42}}},"fnMap":{"0":{"name":"(anonymous_0)","decl":{"start":{"line":51,"column":42},"end":{"line":51,"column":43}},"loc":{"start":{"line":51,"column":54},"end":{"line":62,"column":1}},"line":51},"1":{"name":"validateStudent","decl":{"start":{"line":66,"column":9},"end":{"line":66,"column":24}},"loc":{"start":{"line":66,"column":34},"end":{"line":74,"column":1}},"line":66}},"branchMap":{},"s":{"0":3,"1":3,"2":3,"3":3,"4":3,"5":3,"6":3,"7":0,"8":0,"9":3,"10":0,"11":0,"12":3,"13":3},"f":{"0":0,"1":0},"b":{},"_coverageSchema":"1a1c01bbd47fc00a2c39e90264f33305004495a9","hash":"871a71f8d6598d00d77b49c5be105ae9c50c005e"}
,"D:\\Sep-QRattendanceTeam04\\server\\models\\users.js": {"path":"D:\\Sep-QRattendanceTeam04\\server\\models\\users.js","statementMap":{"0":{"start":{"line":1,"column":15},"end":{"line":1,"column":32}},"1":{"start":{"line":2,"column":17},"end":{"line":2,"column":36}},"2":{"start":{"line":3,"column":12},"end":{"line":3,"column":35}},"3":{"start":{"line":4,"column":12},"end":{"line":4,"column":26}},"4":{"start":{"line":6,"column":26},"end":{"line":6,"column":48}},"5":{"start":{"line":7,"column":23},"end":{"line":7,"column":41}},"6":{"start":{"line":9,"column":19},"end":{"line":19,"column":2}},"7":{"start":{"line":21,"column":0},"end":{"line":32,"column":2}},"8":{"start":{"line":22,"column":16},"end":{"line":30,"column":3}},"9":{"start":{"line":31,"column":2},"end":{"line":31,"column":15}},"10":{"start":{"line":34,"column":14},"end":{"line":34,"column":49}},"11":{"start":{"line":37,"column":17},"end":{"line":46,"column":4}},"12":{"start":{"line":48,"column":2},"end":{"line":48,"column":38}},"13":{"start":{"line":51,"column":0},"end":{"line":51,"column":22}},"14":{"start":{"line":52,"column":0},"end":{"line":52,"column":36}}},"fnMap":{"0":{"name":"(anonymous_0)","decl":{"start":{"line":21,"column":39},"end":{"line":21,"column":40}},"loc":{"start":{"line":21,"column":51},"end":{"line":32,"column":1}},"line":21},"1":{"name":"validateUser","decl":{"start":{"line":36,"column":9},"end":{"line":36,"column":21}},"loc":{"start":{"line":36,"column":35},"end":{"line":49,"column":1}},"line":36}},"branchMap":{},"s":{"0":5,"1":5,"2":5,"3":5,"4":5,"5":5,"6":5,"7":5,"8":7,"9":7,"10":5,"11":0,"12":0,"13":5,"14":5},"f":{"0":7,"1":0},"b":{},"_coverageSchema":"1a1c01bbd47fc00a2c39e90264f33305004495a9","hash":"dd8483bbcb9b6bb1426ef46274441c32de572068"}
,"D:\\Sep-QRattendanceTeam04\\server\\routes\\auth.js": {"path":"D:\\Sep-QRattendanceTeam04\\server\\routes\\auth.js","statementMap":{"0":{"start":{"line":1,"column":16},"end":{"line":1,"column":34}},"1":{"start":{"line":2,"column":17},"end":{"line":2,"column":36}},"2":{"start":{"line":3,"column":15},"end":{"line":3,"column":32}},"3":{"start":{"line":4,"column":12},"end":{"line":4,"column":35}},"4":{"start":{"line":5,"column":12},"end":{"line":5,"column":26}},"5":{"start":{"line":6,"column":10},"end":{"line":6,"column":27}},"6":{"start":{"line":8,"column":18},"end":{"line":8,"column":44}},"7":{"start":{"line":9,"column":21},"end":{"line":9,"column":50}},"8":{"start":{"line":10,"column":17},"end":{"line":10,"column":50}},"9":{"start":{"line":12,"column":15},"end":{"line":12,"column":31}},"10":{"start":{"line":14,"column":0},"end":{"line":40,"column":3}},"11":{"start":{"line":15,"column":23},"end":{"line":15,"column":31}},"12":{"start":{"line":16,"column":2},"end":{"line":16,"column":35}},"13":{"start":{"line":18,"column":2},"end":{"line":23,"column":3}},"14":{"start":{"line":19,"column":4},"end":{"line":19,"column":43}},"15":{"start":{"line":21,"column":9},"end":{"line":23,"column":3}},"16":{"start":{"line":22,"column":4},"end":{"line":22,"column":43}},"17":{"start":{"line":25,"column":13},"end":{"line":25,"column":57}},"18":{"start":{"line":26,"column":2},"end":{"line":36,"column":3}},"19":{"start":{"line":27,"column":18},"end":{"line":34,"column":5}},"20":{"start":{"line":35,"column":4},"end":{"line":35,"column":27}},"21":{"start":{"line":38,"column":16},"end":{"line":38,"column":40}},"22":{"start":{"line":39,"column":2},"end":{"line":39,"column":18}},"23":{"start":{"line":42,"column":0},"end":{"line":64,"column":3}},"24":{"start":{"line":43,"column":34},"end":{"line":43,"column":42}},"25":{"start":{"line":45,"column":2},"end":{"line":47,"column":3}},"26":{"start":{"line":46,"column":4},"end":{"line":46,"column":66}},"27":{"start":{"line":49,"column":16},"end":{"line":49,"column":48}},"28":{"start":{"line":50,"column":2},"end":{"line":60,"column":3}},"29":{"start":{"line":51,"column":18},"end":{"line":58,"column":5}},"30":{"start":{"line":59,"column":4},"end":{"line":59,"column":27}},"31":{"start":{"line":62,"column":16},"end":{"line":62,"column":43}},"32":{"start":{"line":63,"column":2},"end":{"line":63,"column":18}},"33":{"start":{"line":67,"column":17},"end":{"line":71,"column":4}},"34":{"start":{"line":73,"column":2},"end":{"line":73,"column":30}},"35":{"start":{"line":76,"column":0},"end":{"line":76,"column":24}}},"fnMap":{"0":{"name":"(anonymous_0)","decl":{"start":{"line":14,"column":41},"end":{"line":14,"column":42}},"loc":{"start":{"line":14,"column":61},"end":{"line":40,"column":1}},"line":14},"1":{"name":"(anonymous_1)","decl":{"start":{"line":42,"column":48},"end":{"line":42,"column":49}},"loc":{"start":{"line":42,"column":68},"end":{"line":64,"column":1}},"line":42},"2":{"name":"validateAuth","decl":{"start":{"line":66,"column":9},"end":{"line":66,"column":21}},"loc":{"start":{"line":66,"column":27},"end":{"line":74,"column":1}},"line":66}},"branchMap":{"0":{"loc":{"start":{"line":18,"column":2},"end":{"line":23,"column":3}},"type":"if","locations":[{"start":{"line":18,"column":2},"end":{"line":23,"column":3}},{"start":{"line":18,"column":2},"end":{"line":23,"column":3}}],"line":18},"1":{"loc":{"start":{"line":21,"column":9},"end":{"line":23,"column":3}},"type":"if","locations":[{"start":{"line":21,"column":9},"end":{"line":23,"column":3}},{"start":{"line":21,"column":9},"end":{"line":23,"column":3}}],"line":21},"2":{"loc":{"start":{"line":26,"column":2},"end":{"line":36,"column":3}},"type":"if","locations":[{"start":{"line":26,"column":2},"end":{"line":36,"column":3}},{"start":{"line":26,"column":2},"end":{"line":36,"column":3}}],"line":26},"3":{"loc":{"start":{"line":45,"column":2},"end":{"line":47,"column":3}},"type":"if","locations":[{"start":{"line":45,"column":2},"end":{"line":47,"column":3}},{"start":{"line":45,"column":2},"end":{"line":47,"column":3}}],"line":45},"4":{"loc":{"start":{"line":50,"column":2},"end":{"line":60,"column":3}},"type":"if","locations":[{"start":{"line":50,"column":2},"end":{"line":60,"column":3}},{"start":{"line":50,"column":2},"end":{"line":60,"column":3}}],"line":50}},"s":{"0":3,"1":3,"2":3,"3":3,"4":3,"5":3,"6":3,"7":3,"8":3,"9":3,"10":3,"11":0,"12":0,"13":0,"14":0,"15":0,"16":0,"17":0,"18":0,"19":0,"20":0,"21":0,"22":0,"23":3,"24":0,"25":0,"26":0,"27":0,"28":0,"29":0,"30":0,"31":0,"32":0,"33":0,"34":0,"35":3},"f":{"0":0,"1":0,"2":0},"b":{"0":[0,0],"1":[0,0],"2":[0,0],"3":[0,0],"4":[0,0]},"_coverageSchema":"1a1c01bbd47fc00a2c39e90264f33305004495a9","hash":"8225605ae25f7b2f00b2cc3958d26c8937d716f8"}
,"D:\\Sep-QRattendanceTeam04\\server\\routes\\classes.js": {"path":"D:\\Sep-QRattendanceTeam04\\server\\routes\\classes.js","statementMap":{"0":{"start":{"line":2,"column":15},"end":{"line":2,"column":32}},"1":{"start":{"line":3,"column":16},"end":{"line":3,"column":34}},"2":{"start":{"line":4,"column":10},"end":{"line":4,"column":27}},"3":{"start":{"line":5,"column":17},"end":{"line":5,"column":36}},"4":{"start":{"line":6,"column":22},"end":{"line":6,"column":52}},"5":{"start":{"line":7,"column":13},"end":{"line":7,"column":44}},"6":{"start":{"line":9,"column":13},"end":{"line":9,"column":42}},"7":{"start":{"line":10,"column":17},"end":{"line":10,"column":50}},"8":{"start":{"line":11,"column":25},"end":{"line":11,"column":66}},"9":{"start":{"line":16,"column":4},"end":{"line":16,"column":32}},"10":{"start":{"line":17,"column":18},"end":{"line":17,"column":44}},"11":{"start":{"line":18,"column":21},"end":{"line":18,"column":50}},"12":{"start":{"line":20,"column":15},"end":{"line":20,"column":31}},"13":{"start":{"line":22,"column":0},"end":{"line":31,"column":3}},"14":{"start":{"line":23,"column":16},"end":{"line":23,"column":20}},"15":{"start":{"line":24,"column":2},"end":{"line":28,"column":3}},"16":{"start":{"line":25,"column":4},"end":{"line":25,"column":69}},"17":{"start":{"line":27,"column":4},"end":{"line":27,"column":35}},"18":{"start":{"line":30,"column":2},"end":{"line":30,"column":20}},"19":{"start":{"line":33,"column":0},"end":{"line":36,"column":3}},"20":{"start":{"line":34,"column":17},"end":{"line":34,"column":62}},"21":{"start":{"line":35,"column":2},"end":{"line":35,"column":21}},"22":{"start":{"line":39,"column":0},"end":{"line":42,"column":3}},"23":{"start":{"line":40,"column":24},"end":{"line":40,"column":34}},"24":{"start":{"line":41,"column":16},"end":{"line":41,"column":38}},"25":{"start":{"line":44,"column":0},"end":{"line":145,"column":3}},"26":{"start":{"line":59,"column":6},"end":{"line":59,"column":14}},"27":{"start":{"line":61,"column":11},"end":{"line":61,"column":34}},"28":{"start":{"line":63,"column":17},"end":{"line":63,"column":25}},"29":{"start":{"line":65,"column":16},"end":{"line":65,"column":54}},"30":{"start":{"line":66,"column":2},"end":{"line":66,"column":70}},"31":{"start":{"line":66,"column":15},"end":{"line":66,"column":70}},"32":{"start":{"line":69,"column":2},"end":{"line":73,"column":3}},"33":{"start":{"line":70,"column":4},"end":{"line":70,"column":52}},"34":{"start":{"line":72,"column":4},"end":{"line":72,"column":63}},"35":{"start":{"line":74,"column":2},"end":{"line":74,"column":67}},"36":{"start":{"line":74,"column":17},"end":{"line":74,"column":67}},"37":{"start":{"line":76,"column":17},"end":{"line":76,"column":60}},"38":{"start":{"line":77,"column":2},"end":{"line":84,"column":3}},"39":{"start":{"line":78,"column":4},"end":{"line":83,"column":6}},"40":{"start":{"line":86,"column":2},"end":{"line":118,"column":5}},"41":{"start":{"line":120,"column":2},"end":{"line":144,"column":3}},"42":{"start":{"line":121,"column":17},"end":{"line":121,"column":32}},"43":{"start":{"line":122,"column":4},"end":{"line":122,"column":34}},"44":{"start":{"line":123,"column":4},"end":{"line":129,"column":6}},"45":{"start":{"line":130,"column":4},"end":{"line":130,"column":42}},"46":{"start":{"line":132,"column":20},"end":{"line":132,"column":40}},"47":{"start":{"line":138,"column":4},"end":{"line":138,"column":38}},"48":{"start":{"line":140,"column":4},"end":{"line":140,"column":22}},"49":{"start":{"line":142,"column":4},"end":{"line":142,"column":23}},"50":{"start":{"line":143,"column":4},"end":{"line":143,"column":55}},"51":{"start":{"line":147,"column":0},"end":{"line":233,"column":2}},"52":{"start":{"line":151,"column":19},"end":{"line":151,"column":29}},"53":{"start":{"line":152,"column":21},"end":{"line":152,"column":29}},"54":{"start":{"line":154,"column":13},"end":{"line":154,"column":36}},"55":{"start":{"line":156,"column":17},"end":{"line":156,"column":25}},"56":{"start":{"line":158,"column":18},"end":{"line":158,"column":44}},"57":{"start":{"line":159,"column":4},"end":{"line":159,"column":74}},"58":{"start":{"line":159,"column":18},"end":{"line":159,"column":74}},"59":{"start":{"line":161,"column":25},"end":{"line":163,"column":5}},"60":{"start":{"line":162,"column":13},"end":{"line":162,"column":29}},"61":{"start":{"line":164,"column":4},"end":{"line":164,"column":80}},"62":{"start":{"line":164,"column":22},"end":{"line":164,"column":80}},"63":{"start":{"line":166,"column":18},"end":{"line":166,"column":50}},"64":{"start":{"line":167,"column":4},"end":{"line":172,"column":5}},"65":{"start":{"line":168,"column":6},"end":{"line":171,"column":8}},"66":{"start":{"line":174,"column":4},"end":{"line":184,"column":7}},"67":{"start":{"line":175,"column":6},"end":{"line":180,"column":9}},"68":{"start":{"line":181,"column":6},"end":{"line":181,"column":29}},"69":{"start":{"line":182,"column":6},"end":{"line":182,"column":68}},"70":{"start":{"line":183,"column":6},"end":{"line":183,"column":74}},"71":{"start":{"line":186,"column":4},"end":{"line":231,"column":5}},"72":{"start":{"line":187,"column":19},"end":{"line":187,"column":34}},"73":{"start":{"line":188,"column":6},"end":{"line":202,"column":8}},"74":{"start":{"line":203,"column":6},"end":{"line":222,"column":8}},"75":{"start":{"line":223,"column":6},"end":{"line":223,"column":44}},"76":{"start":{"line":225,"column":25},"end":{"line":225,"column":45}},"77":{"start":{"line":226,"column":6},"end":{"line":226,"column":43}},"78":{"start":{"line":227,"column":6},"end":{"line":227,"column":37}},"79":{"start":{"line":228,"column":6},"end":{"line":228,"column":31}},"80":{"start":{"line":230,"column":6},"end":{"line":230,"column":47}},"81":{"start":{"line":235,"column":0},"end":{"line":270,"column":2}},"82":{"start":{"line":239,"column":25},"end":{"line":239,"column":35}},"83":{"start":{"line":240,"column":20},"end":{"line":240,"column":28}},"84":{"start":{"line":242,"column":13},"end":{"line":242,"column":36}},"85":{"start":{"line":244,"column":17},"end":{"line":244,"column":25}},"86":{"start":{"line":246,"column":18},"end":{"line":246,"column":44}},"87":{"start":{"line":247,"column":4},"end":{"line":247,"column":71}},"88":{"start":{"line":247,"column":18},"end":{"line":247,"column":71}},"89":{"start":{"line":249,"column":20},"end":{"line":249,"column":77}},"90":{"start":{"line":249,"column":60},"end":{"line":249,"column":76}},"91":{"start":{"line":250,"column":4},"end":{"line":250,"column":76}},"92":{"start":{"line":250,"column":18},"end":{"line":250,"column":76}},"93":{"start":{"line":252,"column":4},"end":{"line":259,"column":7}},"94":{"start":{"line":253,"column":6},"end":{"line":258,"column":9}},"95":{"start":{"line":254,"column":8},"end":{"line":257,"column":9}},"96":{"start":{"line":255,"column":10},"end":{"line":255,"column":32}},"97":{"start":{"line":256,"column":10},"end":{"line":256,"column":42}},"98":{"start":{"line":261,"column":4},"end":{"line":261,"column":55}},"99":{"start":{"line":262,"column":4},"end":{"line":262,"column":64}},"100":{"start":{"line":263,"column":4},"end":{"line":263,"column":25}},"101":{"start":{"line":265,"column":23},"end":{"line":265,"column":43}},"102":{"start":{"line":266,"column":4},"end":{"line":266,"column":41}},"103":{"start":{"line":267,"column":4},"end":{"line":267,"column":35}},"104":{"start":{"line":268,"column":4},"end":{"line":268,"column":29}},"105":{"start":{"line":272,"column":0},"end":{"line":382,"column":3}},"106":{"start":{"line":273,"column":23},"end":{"line":273,"column":33}},"107":{"start":{"line":275,"column":11},"end":{"line":275,"column":34}},"108":{"start":{"line":277,"column":17},"end":{"line":277,"column":25}},"109":{"start":{"line":279,"column":16},"end":{"line":279,"column":42}},"110":{"start":{"line":280,"column":2},"end":{"line":280,"column":69}},"111":{"start":{"line":280,"column":16},"end":{"line":280,"column":69}},"112":{"start":{"line":282,"column":18},"end":{"line":282,"column":75}},"113":{"start":{"line":282,"column":58},"end":{"line":282,"column":74}},"114":{"start":{"line":283,"column":2},"end":{"line":283,"column":74}},"115":{"start":{"line":283,"column":16},"end":{"line":283,"column":74}},"116":{"start":{"line":285,"column":2},"end":{"line":297,"column":5}},"117":{"start":{"line":286,"column":4},"end":{"line":296,"column":7}},"118":{"start":{"line":287,"column":6},"end":{"line":295,"column":7}},"119":{"start":{"line":288,"column":8},"end":{"line":294,"column":9}},"120":{"start":{"line":289,"column":10},"end":{"line":289,"column":33}},"121":{"start":{"line":290,"column":10},"end":{"line":290,"column":78}},"122":{"start":{"line":292,"column":10},"end":{"line":292,"column":30}},"123":{"start":{"line":293,"column":10},"end":{"line":293,"column":72}},"124":{"start":{"line":299,"column":2},"end":{"line":381,"column":3}},"125":{"start":{"line":300,"column":17},"end":{"line":300,"column":32}},"126":{"start":{"line":301,"column":4},"end":{"line":314,"column":6}},"127":{"start":{"line":315,"column":4},"end":{"line":325,"column":6}},"128":{"start":{"line":326,"column":4},"end":{"line":351,"column":6}},"129":{"start":{"line":332,"column":12},"end":{"line":332,"column":58}},"130":{"start":{"line":336,"column":14},"end":{"line":336,"column":63}},"131":{"start":{"line":342,"column":14},"end":{"line":342,"column":64}},"132":{"start":{"line":347,"column":14},"end":{"line":347,"column":67}},"133":{"start":{"line":352,"column":4},"end":{"line":370,"column":6}},"134":{"start":{"line":371,"column":4},"end":{"line":371,"column":42}},"135":{"start":{"line":373,"column":20},"end":{"line":373,"column":46}},"136":{"start":{"line":375,"column":23},"end":{"line":375,"column":43}},"137":{"start":{"line":376,"column":4},"end":{"line":376,"column":41}},"138":{"start":{"line":377,"column":4},"end":{"line":377,"column":35}},"139":{"start":{"line":378,"column":4},"end":{"line":378,"column":22}},"140":{"start":{"line":380,"column":4},"end":{"line":380,"column":55}},"141":{"start":{"line":384,"column":0},"end":{"line":494,"column":2}},"142":{"start":{"line":388,"column":19},"end":{"line":388,"column":29}},"143":{"start":{"line":403,"column":8},"end":{"line":403,"column":16}},"144":{"start":{"line":405,"column":13},"end":{"line":405,"column":36}},"145":{"start":{"line":407,"column":19},"end":{"line":407,"column":27}},"146":{"start":{"line":409,"column":18},"end":{"line":409,"column":44}},"147":{"start":{"line":410,"column":4},"end":{"line":410,"column":66}},"148":{"start":{"line":410,"column":18},"end":{"line":410,"column":66}},"149":{"start":{"line":412,"column":19},"end":{"line":412,"column":62}},"150":{"start":{"line":413,"column":4},"end":{"line":428,"column":5}},"151":{"start":{"line":414,"column":6},"end":{"line":419,"column":8}},"152":{"start":{"line":421,"column":6},"end":{"line":427,"column":8}},"153":{"start":{"line":430,"column":21},"end":{"line":430,"column":65}},"154":{"start":{"line":431,"column":4},"end":{"line":431,"column":70}},"155":{"start":{"line":431,"column":19},"end":{"line":431,"column":70}},"156":{"start":{"line":433,"column":4},"end":{"line":492,"column":5}},"157":{"start":{"line":434,"column":19},"end":{"line":434,"column":34}},"158":{"start":{"line":436,"column":6},"end":{"line":458,"column":8}},"159":{"start":{"line":459,"column":6},"end":{"line":467,"column":7}},"160":{"start":{"line":460,"column":8},"end":{"line":466,"column":10}},"161":{"start":{"line":468,"column":6},"end":{"line":474,"column":8}},"162":{"start":{"line":475,"column":6},"end":{"line":481,"column":9}},"163":{"start":{"line":476,"column":8},"end":{"line":480,"column":10}},"164":{"start":{"line":483,"column":6},"end":{"line":483,"column":44}},"165":{"start":{"line":485,"column":6},"end":{"line":485,"column":43}},"166":{"start":{"line":487,"column":22},"end":{"line":487,"column":42}},"167":{"start":{"line":488,"column":6},"end":{"line":488,"column":40}},"168":{"start":{"line":489,"column":6},"end":{"line":489,"column":24}},"169":{"start":{"line":491,"column":6},"end":{"line":491,"column":57}},"170":{"start":{"line":496,"column":0},"end":{"line":527,"column":3}},"171":{"start":{"line":497,"column":18},"end":{"line":497,"column":55}},"172":{"start":{"line":498,"column":11},"end":{"line":498,"column":34}},"173":{"start":{"line":500,"column":2},"end":{"line":501,"column":79}},"174":{"start":{"line":501,"column":4},"end":{"line":501,"column":79}},"175":{"start":{"line":503,"column":2},"end":{"line":526,"column":3}},"176":{"start":{"line":504,"column":17},"end":{"line":504,"column":32}},"177":{"start":{"line":505,"column":4},"end":{"line":517,"column":7}},"178":{"start":{"line":506,"column":6},"end":{"line":516,"column":8}},"179":{"start":{"line":518,"column":4},"end":{"line":518,"column":49}},"180":{"start":{"line":519,"column":4},"end":{"line":519,"column":42}},"181":{"start":{"line":520,"column":23},"end":{"line":520,"column":43}},"182":{"start":{"line":521,"column":4},"end":{"line":521,"column":41}},"183":{"start":{"line":522,"column":4},"end":{"line":522,"column":36}},"184":{"start":{"line":524,"column":4},"end":{"line":524,"column":23}},"185":{"start":{"line":525,"column":4},"end":{"line":525,"column":55}},"186":{"start":{"line":530,"column":16},"end":{"line":530,"column":18}},"187":{"start":{"line":531,"column":12},"end":{"line":531,"column":21}},"188":{"start":{"line":532,"column":2},"end":{"line":546,"column":3}},"189":{"start":{"line":532,"column":15},"end":{"line":532,"column":16}},"190":{"start":{"line":533,"column":4},"end":{"line":545,"column":7}},"191":{"start":{"line":548,"column":2},"end":{"line":548,"column":17}},"192":{"start":{"line":551,"column":0},"end":{"line":551,"column":24}}},"fnMap":{"0":{"name":"(anonymous_0)","decl":{"start":{"line":22,"column":22},"end":{"line":22,"column":23}},"loc":{"start":{"line":22,"column":42},"end":{"line":31,"column":1}},"line":22},"1":{"name":"(anonymous_1)","decl":{"start":{"line":33,"column":19},"end":{"line":33,"column":20}},"loc":{"start":{"line":33,"column":39},"end":{"line":36,"column":1}},"line":33},"2":{"name":"(anonymous_2)","decl":{"start":{"line":39,"column":34},"end":{"line":39,"column":35}},"loc":{"start":{"line":39,"column":54},"end":{"line":42,"column":1}},"line":39},"3":{"name":"(anonymous_3)","decl":{"start":{"line":44,"column":50},"end":{"line":44,"column":51}},"loc":{"start":{"line":44,"column":70},"end":{"line":145,"column":1}},"line":44},"4":{"name":"(anonymous_4)","decl":{"start":{"line":150,"column":2},"end":{"line":150,"column":3}},"loc":{"start":{"line":150,"column":22},"end":{"line":232,"column":3}},"line":150},"5":{"name":"(anonymous_5)","decl":{"start":{"line":162,"column":6},"end":{"line":162,"column":7}},"loc":{"start":{"line":162,"column":13},"end":{"line":162,"column":29}},"line":162},"6":{"name":"(anonymous_6)","decl":{"start":{"line":174,"column":28},"end":{"line":174,"column":29}},"loc":{"start":{"line":174,"column":35},"end":{"line":184,"column":5}},"line":174},"7":{"name":"(anonymous_7)","decl":{"start":{"line":238,"column":2},"end":{"line":238,"column":3}},"loc":{"start":{"line":238,"column":22},"end":{"line":269,"column":3}},"line":238},"8":{"name":"(anonymous_8)","decl":{"start":{"line":249,"column":53},"end":{"line":249,"column":54}},"loc":{"start":{"line":249,"column":60},"end":{"line":249,"column":76}},"line":249},"9":{"name":"(anonymous_9)","decl":{"start":{"line":252,"column":24},"end":{"line":252,"column":25}},"loc":{"start":{"line":252,"column":31},"end":{"line":259,"column":5}},"line":252},"10":{"name":"(anonymous_10)","decl":{"start":{"line":253,"column":22},"end":{"line":253,"column":23}},"loc":{"start":{"line":253,"column":29},"end":{"line":258,"column":7}},"line":253},"11":{"name":"(anonymous_11)","decl":{"start":{"line":272,"column":34},"end":{"line":272,"column":35}},"loc":{"start":{"line":272,"column":54},"end":{"line":382,"column":1}},"line":272},"12":{"name":"(anonymous_12)","decl":{"start":{"line":282,"column":51},"end":{"line":282,"column":52}},"loc":{"start":{"line":282,"column":58},"end":{"line":282,"column":74}},"line":282},"13":{"name":"(anonymous_13)","decl":{"start":{"line":285,"column":22},"end":{"line":285,"column":23}},"loc":{"start":{"line":285,"column":29},"end":{"line":297,"column":3}},"line":285},"14":{"name":"(anonymous_14)","decl":{"start":{"line":286,"column":19},"end":{"line":286,"column":20}},"loc":{"start":{"line":286,"column":26},"end":{"line":296,"column":5}},"line":286},"15":{"name":"(anonymous_15)","decl":{"start":{"line":331,"column":50},"end":{"line":331,"column":51}},"loc":{"start":{"line":331,"column":77},"end":{"line":333,"column":11}},"line":331},"16":{"name":"(anonymous_16)","decl":{"start":{"line":335,"column":12},"end":{"line":335,"column":13}},"loc":{"start":{"line":335,"column":39},"end":{"line":337,"column":13}},"line":335},"17":{"name":"(anonymous_17)","decl":{"start":{"line":341,"column":35},"end":{"line":341,"column":36}},"loc":{"start":{"line":341,"column":62},"end":{"line":343,"column":13}},"line":341},"18":{"name":"(anonymous_18)","decl":{"start":{"line":346,"column":35},"end":{"line":346,"column":36}},"loc":{"start":{"line":346,"column":62},"end":{"line":348,"column":13}},"line":346},"19":{"name":"(anonymous_19)","decl":{"start":{"line":387,"column":2},"end":{"line":387,"column":3}},"loc":{"start":{"line":387,"column":22},"end":{"line":493,"column":3}},"line":387},"20":{"name":"(anonymous_20)","decl":{"start":{"line":475,"column":38},"end":{"line":475,"column":39}},"loc":{"start":{"line":475,"column":45},"end":{"line":481,"column":7}},"line":475},"21":{"name":"(anonymous_21)","decl":{"start":{"line":496,"column":40},"end":{"line":496,"column":41}},"loc":{"start":{"line":496,"column":60},"end":{"line":527,"column":1}},"line":496},"22":{"name":"(anonymous_22)","decl":{"start":{"line":505,"column":36},"end":{"line":505,"column":37}},"loc":{"start":{"line":505,"column":43},"end":{"line":517,"column":5}},"line":505},"23":{"name":"generateLessons","decl":{"start":{"line":529,"column":9},"end":{"line":529,"column":24}},"loc":{"start":{"line":529,"column":36},"end":{"line":549,"column":1}},"line":529}},"branchMap":{"0":{"loc":{"start":{"line":24,"column":2},"end":{"line":28,"column":3}},"type":"if","locations":[{"start":{"line":24,"column":2},"end":{"line":28,"column":3}},{"start":{"line":24,"column":2},"end":{"line":28,"column":3}}],"line":24},"1":{"loc":{"start":{"line":66,"column":2},"end":{"line":66,"column":70}},"type":"if","locations":[{"start":{"line":66,"column":2},"end":{"line":66,"column":70}},{"start":{"line":66,"column":2},"end":{"line":66,"column":70}}],"line":66},"2":{"loc":{"start":{"line":69,"column":2},"end":{"line":73,"column":3}},"type":"if","locations":[{"start":{"line":69,"column":2},"end":{"line":73,"column":3}},{"start":{"line":69,"column":2},"end":{"line":73,"column":3}}],"line":69},"3":{"loc":{"start":{"line":74,"column":2},"end":{"line":74,"column":67}},"type":"if","locations":[{"start":{"line":74,"column":2},"end":{"line":74,"column":67}},{"start":{"line":74,"column":2},"end":{"line":74,"column":67}}],"line":74},"4":{"loc":{"start":{"line":77,"column":2},"end":{"line":84,"column":3}},"type":"if","locations":[{"start":{"line":77,"column":2},"end":{"line":84,"column":3}},{"start":{"line":77,"column":2},"end":{"line":84,"column":3}}],"line":77},"5":{"loc":{"start":{"line":159,"column":4},"end":{"line":159,"column":74}},"type":"if","locations":[{"start":{"line":159,"column":4},"end":{"line":159,"column":74}},{"start":{"line":159,"column":4},"end":{"line":159,"column":74}}],"line":159},"6":{"loc":{"start":{"line":164,"column":4},"end":{"line":164,"column":80}},"type":"if","locations":[{"start":{"line":164,"column":4},"end":{"line":164,"column":80}},{"start":{"line":164,"column":4},"end":{"line":164,"column":80}}],"line":164},"7":{"loc":{"start":{"line":167,"column":4},"end":{"line":172,"column":5}},"type":"if","locations":[{"start":{"line":167,"column":4},"end":{"line":172,"column":5}},{"start":{"line":167,"column":4},"end":{"line":172,"column":5}}],"line":167},"8":{"loc":{"start":{"line":247,"column":4},"end":{"line":247,"column":71}},"type":"if","locations":[{"start":{"line":247,"column":4},"end":{"line":247,"column":71}},{"start":{"line":247,"column":4},"end":{"line":247,"column":71}}],"line":247},"9":{"loc":{"start":{"line":250,"column":4},"end":{"line":250,"column":76}},"type":"if","locations":[{"start":{"line":250,"column":4},"end":{"line":250,"column":76}},{"start":{"line":250,"column":4},"end":{"line":250,"column":76}}],"line":250},"10":{"loc":{"start":{"line":254,"column":8},"end":{"line":257,"column":9}},"type":"if","locations":[{"start":{"line":254,"column":8},"end":{"line":257,"column":9}},{"start":{"line":254,"column":8},"end":{"line":257,"column":9}}],"line":254},"11":{"loc":{"start":{"line":280,"column":2},"end":{"line":280,"column":69}},"type":"if","locations":[{"start":{"line":280,"column":2},"end":{"line":280,"column":69}},{"start":{"line":280,"column":2},"end":{"line":280,"column":69}}],"line":280},"12":{"loc":{"start":{"line":283,"column":2},"end":{"line":283,"column":74}},"type":"if","locations":[{"start":{"line":283,"column":2},"end":{"line":283,"column":74}},{"start":{"line":283,"column":2},"end":{"line":283,"column":74}}],"line":283},"13":{"loc":{"start":{"line":287,"column":6},"end":{"line":295,"column":7}},"type":"if","locations":[{"start":{"line":287,"column":6},"end":{"line":295,"column":7}},{"start":{"line":287,"column":6},"end":{"line":295,"column":7}}],"line":287},"14":{"loc":{"start":{"line":288,"column":8},"end":{"line":294,"column":9}},"type":"if","locations":[{"start":{"line":288,"column":8},"end":{"line":294,"column":9}},{"start":{"line":288,"column":8},"end":{"line":294,"column":9}}],"line":288},"15":{"loc":{"start":{"line":410,"column":4},"end":{"line":410,"column":66}},"type":"if","locations":[{"start":{"line":410,"column":4},"end":{"line":410,"column":66}},{"start":{"line":410,"column":4},"end":{"line":410,"column":66}}],"line":410},"16":{"loc":{"start":{"line":413,"column":4},"end":{"line":428,"column":5}},"type":"if","locations":[{"start":{"line":413,"column":4},"end":{"line":428,"column":5}},{"start":{"line":413,"column":4},"end":{"line":428,"column":5}}],"line":413},"17":{"loc":{"start":{"line":431,"column":4},"end":{"line":431,"column":70}},"type":"if","locations":[{"start":{"line":431,"column":4},"end":{"line":431,"column":70}},{"start":{"line":431,"column":4},"end":{"line":431,"column":70}}],"line":431},"18":{"loc":{"start":{"line":459,"column":6},"end":{"line":467,"column":7}},"type":"if","locations":[{"start":{"line":459,"column":6},"end":{"line":467,"column":7}},{"start":{"line":459,"column":6},"end":{"line":467,"column":7}}],"line":459},"19":{"loc":{"start":{"line":500,"column":2},"end":{"line":501,"column":79}},"type":"if","locations":[{"start":{"line":500,"column":2},"end":{"line":501,"column":79}},{"start":{"line":500,"column":2},"end":{"line":501,"column":79}}],"line":500}},"s":{"0":3,"1":3,"2":3,"3":3,"4":3,"5":3,"6":3,"7":3,"8":3,"9":3,"10":3,"11":3,"12":3,"13":3,"14":0,"15":0,"16":0,"17":0,"18":0,"19":3,"20":1,"21":0,"22":3,"23":0,"24":0,"25":3,"26":0,"27":0,"28":0,"29":0,"30":0,"31":0,"32":0,"33":0,"34":0,"35":0,"36":0,"37":0,"38":0,"39":0,"40":0,"41":0,"42":0,"43":0,"44":0,"45":0,"46":0,"47":0,"48":0,"49":0,"50":0,"51":3,"52":0,"53":0,"54":0,"55":0,"56":0,"57":0,"58":0,"59":0,"60":0,"61":0,"62":0,"63":0,"64":0,"65":0,"66":0,"67":0,"68":0,"69":0,"70":0,"71":0,"72":0,"73":0,"74":0,"75":0,"76":0,"77":0,"78":0,"79":0,"80":0,"81":3,"82":0,"83":0,"84":0,"85":0,"86":0,"87":0,"88":0,"89":0,"90":0,"91":0,"92":0,"93":0,"94":0,"95":0,"96":0,"97":0,"98":0,"99":0,"100":0,"101":0,"102":0,"103":0,"104":0,"105":3,"106":0,"107":0,"108":0,"109":0,"110":0,"111":0,"112":0,"113":0,"114":0,"115":0,"116":0,"117":0,"118":0,"119":0,"120":0,"121":0,"122":0,"123":0,"124":0,"125":0,"126":0,"127":0,"128":0,"129":0,"130":0,"131":0,"132":0,"133":0,"134":0,"135":0,"136":0,"137":0,"138":0,"139":0,"140":0,"141":3,"142":0,"143":0,"144":0,"145":0,"146":0,"147":0,"148":0,"149":0,"150":0,"151":0,"152":0,"153":0,"154":0,"155":0,"156":0,"157":0,"158":0,"159":0,"160":0,"161":0,"162":0,"163":0,"164":0,"165":0,"166":0,"167":0,"168":0,"169":0,"170":3,"171":0,"172":0,"173":0,"174":0,"175":0,"176":0,"177":0,"178":0,"179":0,"180":0,"181":0,"182":0,"183":0,"184":0,"185":0,"186":0,"187":0,"188":0,"189":0,"190":0,"191":0,"192":3},"f":{"0":0,"1":1,"2":0,"3":0,"4":0,"5":0,"6":0,"7":0,"8":0,"9":0,"10":0,"11":0,"12":0,"13":0,"14":0,"15":0,"16":0,"17":0,"18":0,"19":0,"20":0,"21":0,"22":0,"23":0},"b":{"0":[0,0],"1":[0,0],"2":[0,0],"3":[0,0],"4":[0,0],"5":[0,0],"6":[0,0],"7":[0,0],"8":[0,0],"9":[0,0],"10":[0,0],"11":[0,0],"12":[0,0],"13":[0,0],"14":[0,0],"15":[0,0],"16":[0,0],"17":[0,0],"18":[0,0],"19":[0,0]},"_coverageSchema":"1a1c01bbd47fc00a2c39e90264f33305004495a9","hash":"231bdba83cbad0c7125914c1a997e20f19e13ec2"}
,"D:\\Sep-QRattendanceTeam04\\server\\routes\\faculties.js": {"path":"D:\\Sep-QRattendanceTeam04\\server\\routes\\faculties.js","statementMap":{"0":{"start":{"line":1,"column":16},"end":{"line":1,"column":34}},"1":{"start":{"line":3,"column":22},"end":{"line":3,"column":52}},"2":{"start":{"line":4,"column":27},"end":{"line":4,"column":68}},"3":{"start":{"line":5,"column":15},"end":{"line":5,"column":31}},"4":{"start":{"line":7,"column":0},"end":{"line":10,"column":3}},"5":{"start":{"line":8,"column":20},"end":{"line":8,"column":42}},"6":{"start":{"line":9,"column":2},"end":{"line":9,"column":22}},"7":{"start":{"line":12,"column":0},"end":{"line":16,"column":3}},"8":{"start":{"line":13,"column":16},"end":{"line":13,"column":55}},"9":{"start":{"line":14,"column":2},"end":{"line":14,"column":65}},"10":{"start":{"line":14,"column":16},"end":{"line":14,"column":65}},"11":{"start":{"line":15,"column":2},"end":{"line":15,"column":20}},"12":{"start":{"line":18,"column":0},"end":{"line":18,"column":24}}},"fnMap":{"0":{"name":"(anonymous_0)","decl":{"start":{"line":7,"column":16},"end":{"line":7,"column":17}},"loc":{"start":{"line":7,"column":36},"end":{"line":10,"column":1}},"line":7},"1":{"name":"(anonymous_1)","decl":{"start":{"line":12,"column":39},"end":{"line":12,"column":40}},"loc":{"start":{"line":12,"column":59},"end":{"line":16,"column":1}},"line":12}},"branchMap":{"0":{"loc":{"start":{"line":14,"column":2},"end":{"line":14,"column":65}},"type":"if","locations":[{"start":{"line":14,"column":2},"end":{"line":14,"column":65}},{"start":{"line":14,"column":2},"end":{"line":14,"column":65}}],"line":14}},"s":{"0":3,"1":3,"2":3,"3":3,"4":3,"5":0,"6":0,"7":3,"8":0,"9":0,"10":0,"11":0,"12":3},"f":{"0":0,"1":0},"b":{"0":[0,0]},"_coverageSchema":"1a1c01bbd47fc00a2c39e90264f33305004495a9","hash":"c6033540954f4ee59d89776f29a341075aee4e84"}
,"D:\\Sep-QRattendanceTeam04\\server\\routes\\lessons.js": {"path":"D:\\Sep-QRattendanceTeam04\\server\\routes\\lessons.js","statementMap":{"0":{"start":{"line":1,"column":16},"end":{"line":1,"column":34}},"1":{"start":{"line":2,"column":15},"end":{"line":2,"column":32}},"2":{"start":{"line":3,"column":10},"end":{"line":3,"column":27}},"3":{"start":{"line":4,"column":17},"end":{"line":4,"column":36}},"4":{"start":{"line":5,"column":22},"end":{"line":5,"column":52}},"5":{"start":{"line":6,"column":13},"end":{"line":6,"column":44}},"6":{"start":{"line":7,"column":12},"end":{"line":7,"column":26}},"7":{"start":{"line":9,"column":17},"end":{"line":9,"column":50}},"8":{"start":{"line":10,"column":25},"end":{"line":10,"column":66}},"9":{"start":{"line":11,"column":20},"end":{"line":11,"column":48}},"10":{"start":{"line":13,"column":15},"end":{"line":13,"column":31}},"11":{"start":{"line":15,"column":0},"end":{"line":20,"column":3}},"12":{"start":{"line":16,"column":16},"end":{"line":16,"column":53}},"13":{"start":{"line":17,"column":2},"end":{"line":17,"column":75}},"14":{"start":{"line":17,"column":15},"end":{"line":17,"column":75}},"15":{"start":{"line":19,"column":2},"end":{"line":19,"column":27}},"16":{"start":{"line":22,"column":0},"end":{"line":33,"column":3}},"17":{"start":{"line":23,"column":16},"end":{"line":23,"column":32}},"18":{"start":{"line":25,"column":16},"end":{"line":25,"column":42}},"19":{"start":{"line":26,"column":2},"end":{"line":26,"column":76}},"20":{"start":{"line":26,"column":16},"end":{"line":26,"column":76}},"21":{"start":{"line":28,"column":2},"end":{"line":30,"column":3}},"22":{"start":{"line":29,"column":4},"end":{"line":29,"column":49}},"23":{"start":{"line":32,"column":2},"end":{"line":32,"column":38}},"24":{"start":{"line":35,"column":0},"end":{"line":55,"column":2}},"25":{"start":{"line":39,"column":36},"end":{"line":39,"column":44}},"26":{"start":{"line":40,"column":26},"end":{"line":40,"column":36}},"27":{"start":{"line":42,"column":18},"end":{"line":42,"column":44}},"28":{"start":{"line":43,"column":4},"end":{"line":43,"column":78}},"29":{"start":{"line":43,"column":18},"end":{"line":43,"column":78}},"30":{"start":{"line":45,"column":4},"end":{"line":47,"column":5}},"31":{"start":{"line":46,"column":6},"end":{"line":46,"column":51}},"32":{"start":{"line":48,"column":4},"end":{"line":48,"column":57}},"33":{"start":{"line":49,"column":4},"end":{"line":49,"column":47}},"34":{"start":{"line":50,"column":4},"end":{"line":50,"column":52}},"35":{"start":{"line":52,"column":4},"end":{"line":52,"column":19}},"36":{"start":{"line":53,"column":4},"end":{"line":53,"column":22}},"37":{"start":{"line":57,"column":0},"end":{"line":117,"column":3}},"38":{"start":{"line":58,"column":19},"end":{"line":58,"column":27}},"39":{"start":{"line":59,"column":24},"end":{"line":59,"column":34}},"40":{"start":{"line":61,"column":11},"end":{"line":61,"column":34}},"41":{"start":{"line":62,"column":2},"end":{"line":62,"column":18}},"42":{"start":{"line":64,"column":16},"end":{"line":64,"column":42}},"43":{"start":{"line":65,"column":2},"end":{"line":65,"column":76}},"44":{"start":{"line":65,"column":16},"end":{"line":65,"column":76}},"45":{"start":{"line":67,"column":2},"end":{"line":69,"column":3}},"46":{"start":{"line":68,"column":4},"end":{"line":68,"column":49}},"47":{"start":{"line":71,"column":17},"end":{"line":90,"column":4}},"48":{"start":{"line":72,"column":4},"end":{"line":89,"column":5}},"49":{"start":{"line":73,"column":28},"end":{"line":73,"column":46}},"50":{"start":{"line":74,"column":6},"end":{"line":87,"column":7}},"51":{"start":{"line":75,"column":8},"end":{"line":75,"column":53}},"52":{"start":{"line":76,"column":8},"end":{"line":76,"column":56}},"53":{"start":{"line":77,"column":8},"end":{"line":77,"column":34}},"54":{"start":{"line":78,"column":8},"end":{"line":78,"column":37}},"55":{"start":{"line":80,"column":8},"end":{"line":80,"column":55}},"56":{"start":{"line":82,"column":8},"end":{"line":82,"column":53}},"57":{"start":{"line":83,"column":8},"end":{"line":83,"column":56}},"58":{"start":{"line":84,"column":8},"end":{"line":84,"column":34}},"59":{"start":{"line":85,"column":8},"end":{"line":85,"column":37}},"60":{"start":{"line":86,"column":8},"end":{"line":86,"column":34}},"61":{"start":{"line":88,"column":6},"end":{"line":88,"column":15}},"62":{"start":{"line":92,"column":2},"end":{"line":92,"column":72}},"63":{"start":{"line":92,"column":15},"end":{"line":92,"column":72}},"64":{"start":{"line":94,"column":2},"end":{"line":116,"column":3}},"65":{"start":{"line":95,"column":17},"end":{"line":95,"column":32}},"66":{"start":{"line":96,"column":4},"end":{"line":96,"column":68}},"67":{"start":{"line":97,"column":4},"end":{"line":110,"column":6}},"68":{"start":{"line":111,"column":4},"end":{"line":111,"column":42}},"69":{"start":{"line":112,"column":4},"end":{"line":112,"column":35}},"70":{"start":{"line":113,"column":4},"end":{"line":113,"column":22}},"71":{"start":{"line":115,"column":4},"end":{"line":115,"column":57}},"72":{"start":{"line":119,"column":0},"end":{"line":144,"column":3}},"73":{"start":{"line":120,"column":24},"end":{"line":120,"column":34}},"74":{"start":{"line":122,"column":11},"end":{"line":122,"column":34}},"75":{"start":{"line":124,"column":18},"end":{"line":124,"column":44}},"76":{"start":{"line":125,"column":2},"end":{"line":125,"column":66}},"77":{"start":{"line":125,"column":16},"end":{"line":125,"column":66}},"78":{"start":{"line":127,"column":2},"end":{"line":127,"column":72}},"79":{"start":{"line":128,"column":2},"end":{"line":128,"column":75}},"80":{"start":{"line":129,"column":2},"end":{"line":129,"column":44}},"81":{"start":{"line":131,"column":2},"end":{"line":132,"column":47}},"82":{"start":{"line":133,"column":2},"end":{"line":133,"column":53}},"83":{"start":{"line":134,"column":2},"end":{"line":134,"column":49}},"84":{"start":{"line":136,"column":2},"end":{"line":138,"column":5}},"85":{"start":{"line":137,"column":4},"end":{"line":137,"column":30}},"86":{"start":{"line":140,"column":2},"end":{"line":140,"column":23}},"87":{"start":{"line":142,"column":2},"end":{"line":142,"column":33}},"88":{"start":{"line":143,"column":2},"end":{"line":143,"column":20}},"89":{"start":{"line":146,"column":0},"end":{"line":250,"column":2}},"90":{"start":{"line":150,"column":31},"end":{"line":150,"column":39}},"91":{"start":{"line":151,"column":26},"end":{"line":151,"column":36}},"92":{"start":{"line":153,"column":13},"end":{"line":153,"column":36}},"93":{"start":{"line":155,"column":18},"end":{"line":155,"column":44}},"94":{"start":{"line":156,"column":4},"end":{"line":156,"column":78}},"95":{"start":{"line":156,"column":18},"end":{"line":156,"column":78}},"96":{"start":{"line":158,"column":4},"end":{"line":160,"column":5}},"97":{"start":{"line":159,"column":6},"end":{"line":159,"column":51}},"98":{"start":{"line":162,"column":24},"end":{"line":162,"column":62}},"99":{"start":{"line":164,"column":19},"end":{"line":164,"column":52}},"100":{"start":{"line":166,"column":20},"end":{"line":166,"column":43}},"101":{"start":{"line":168,"column":17},"end":{"line":168,"column":50}},"102":{"start":{"line":170,"column":4},"end":{"line":172,"column":5}},"103":{"start":{"line":171,"column":6},"end":{"line":171,"column":52}},"104":{"start":{"line":174,"column":16},"end":{"line":174,"column":21}},"105":{"start":{"line":176,"column":19},"end":{"line":219,"column":6}},"106":{"start":{"line":177,"column":6},"end":{"line":218,"column":7}},"107":{"start":{"line":178,"column":30},"end":{"line":178,"column":48}},"108":{"start":{"line":179,"column":8},"end":{"line":216,"column":9}},"109":{"start":{"line":180,"column":10},"end":{"line":184,"column":11}},"110":{"start":{"line":181,"column":12},"end":{"line":183,"column":76}},"111":{"start":{"line":186,"column":10},"end":{"line":186,"column":55}},"112":{"start":{"line":187,"column":10},"end":{"line":187,"column":58}},"113":{"start":{"line":188,"column":10},"end":{"line":188,"column":36}},"114":{"start":{"line":189,"column":10},"end":{"line":189,"column":39}},"115":{"start":{"line":191,"column":10},"end":{"line":194,"column":42}},"116":{"start":{"line":193,"column":14},"end":{"line":193,"column":60}},"117":{"start":{"line":196,"column":10},"end":{"line":199,"column":42}},"118":{"start":{"line":198,"column":14},"end":{"line":198,"column":63}},"119":{"start":{"line":201,"column":10},"end":{"line":204,"column":43}},"120":{"start":{"line":203,"column":14},"end":{"line":203,"column":64}},"121":{"start":{"line":206,"column":10},"end":{"line":209,"column":43}},"122":{"start":{"line":208,"column":14},"end":{"line":208,"column":67}},"123":{"start":{"line":211,"column":10},"end":{"line":211,"column":57}},"124":{"start":{"line":212,"column":10},"end":{"line":212,"column":32}},"125":{"start":{"line":213,"column":10},"end":{"line":213,"column":62}},"126":{"start":{"line":215,"column":10},"end":{"line":215,"column":23}},"127":{"start":{"line":217,"column":8},"end":{"line":217,"column":17}},"128":{"start":{"line":221,"column":4},"end":{"line":222,"column":73}},"129":{"start":{"line":222,"column":6},"end":{"line":222,"column":73}},"130":{"start":{"line":224,"column":4},"end":{"line":224,"column":74}},"131":{"start":{"line":224,"column":17},"end":{"line":224,"column":74}},"132":{"start":{"line":226,"column":4},"end":{"line":248,"column":5}},"133":{"start":{"line":227,"column":19},"end":{"line":227,"column":34}},"134":{"start":{"line":228,"column":6},"end":{"line":228,"column":70}},"135":{"start":{"line":229,"column":6},"end":{"line":242,"column":8}},"136":{"start":{"line":243,"column":6},"end":{"line":243,"column":44}},"137":{"start":{"line":244,"column":6},"end":{"line":244,"column":37}},"138":{"start":{"line":245,"column":6},"end":{"line":245,"column":24}},"139":{"start":{"line":247,"column":6},"end":{"line":247,"column":47}},"140":{"start":{"line":253,"column":17},"end":{"line":256,"column":4}},"141":{"start":{"line":257,"column":2},"end":{"line":257,"column":30}},"142":{"start":{"line":261,"column":17},"end":{"line":266,"column":4}},"143":{"start":{"line":267,"column":2},"end":{"line":267,"column":30}},"144":{"start":{"line":270,"column":0},"end":{"line":270,"column":24}}},"fnMap":{"0":{"name":"(anonymous_0)","decl":{"start":{"line":15,"column":19},"end":{"line":15,"column":20}},"loc":{"start":{"line":15,"column":39},"end":{"line":20,"column":1}},"line":15},"1":{"name":"(anonymous_1)","decl":{"start":{"line":22,"column":25},"end":{"line":22,"column":26}},"loc":{"start":{"line":22,"column":45},"end":{"line":33,"column":1}},"line":22},"2":{"name":"(anonymous_2)","decl":{"start":{"line":38,"column":2},"end":{"line":38,"column":3}},"loc":{"start":{"line":38,"column":22},"end":{"line":54,"column":3}},"line":38},"3":{"name":"(anonymous_3)","decl":{"start":{"line":57,"column":56},"end":{"line":57,"column":57}},"loc":{"start":{"line":57,"column":76},"end":{"line":117,"column":1}},"line":57},"4":{"name":"(anonymous_4)","decl":{"start":{"line":71,"column":58},"end":{"line":71,"column":59}},"loc":{"start":{"line":71,"column":65},"end":{"line":90,"column":3}},"line":71},"5":{"name":"(anonymous_5)","decl":{"start":{"line":119,"column":50},"end":{"line":119,"column":51}},"loc":{"start":{"line":119,"column":70},"end":{"line":144,"column":1}},"line":119},"6":{"name":"(anonymous_6)","decl":{"start":{"line":136,"column":42},"end":{"line":136,"column":43}},"loc":{"start":{"line":136,"column":49},"end":{"line":138,"column":3}},"line":136},"7":{"name":"(anonymous_7)","decl":{"start":{"line":149,"column":2},"end":{"line":149,"column":3}},"loc":{"start":{"line":149,"column":22},"end":{"line":249,"column":3}},"line":149},"8":{"name":"(anonymous_8)","decl":{"start":{"line":176,"column":60},"end":{"line":176,"column":61}},"loc":{"start":{"line":176,"column":67},"end":{"line":219,"column":5}},"line":176},"9":{"name":"(anonymous_9)","decl":{"start":{"line":192,"column":35},"end":{"line":192,"column":36}},"loc":{"start":{"line":192,"column":62},"end":{"line":194,"column":13}},"line":192},"10":{"name":"(anonymous_10)","decl":{"start":{"line":197,"column":35},"end":{"line":197,"column":36}},"loc":{"start":{"line":197,"column":62},"end":{"line":199,"column":13}},"line":197},"11":{"name":"(anonymous_11)","decl":{"start":{"line":202,"column":35},"end":{"line":202,"column":36}},"loc":{"start":{"line":202,"column":62},"end":{"line":204,"column":13}},"line":202},"12":{"name":"(anonymous_12)","decl":{"start":{"line":207,"column":35},"end":{"line":207,"column":36}},"loc":{"start":{"line":207,"column":62},"end":{"line":209,"column":13}},"line":207},"13":{"name":"validateLesson","decl":{"start":{"line":252,"column":9},"end":{"line":252,"column":23}},"loc":{"start":{"line":252,"column":29},"end":{"line":258,"column":1}},"line":252},"14":{"name":"validateAttendance","decl":{"start":{"line":260,"column":9},"end":{"line":260,"column":27}},"loc":{"start":{"line":260,"column":33},"end":{"line":268,"column":1}},"line":260}},"branchMap":{"0":{"loc":{"start":{"line":17,"column":2},"end":{"line":17,"column":75}},"type":"if","locations":[{"start":{"line":17,"column":2},"end":{"line":17,"column":75}},{"start":{"line":17,"column":2},"end":{"line":17,"column":75}}],"line":17},"1":{"loc":{"start":{"line":26,"column":2},"end":{"line":26,"column":76}},"type":"if","locations":[{"start":{"line":26,"column":2},"end":{"line":26,"column":76}},{"start":{"line":26,"column":2},"end":{"line":26,"column":76}}],"line":26},"2":{"loc":{"start":{"line":28,"column":2},"end":{"line":30,"column":3}},"type":"if","locations":[{"start":{"line":28,"column":2},"end":{"line":30,"column":3}},{"start":{"line":28,"column":2},"end":{"line":30,"column":3}}],"line":28},"3":{"loc":{"start":{"line":28,"column":6},"end":{"line":28,"column":65}},"type":"binary-expr","locations":[{"start":{"line":28,"column":6},"end":{"line":28,"column":18}},{"start":{"line":28,"column":22},"end":{"line":28,"column":31}},{"start":{"line":28,"column":35},"end":{"line":28,"column":65}}],"line":28},"4":{"loc":{"start":{"line":43,"column":4},"end":{"line":43,"column":78}},"type":"if","locations":[{"start":{"line":43,"column":4},"end":{"line":43,"column":78}},{"start":{"line":43,"column":4},"end":{"line":43,"column":78}}],"line":43},"5":{"loc":{"start":{"line":45,"column":4},"end":{"line":47,"column":5}},"type":"if","locations":[{"start":{"line":45,"column":4},"end":{"line":47,"column":5}},{"start":{"line":45,"column":4},"end":{"line":47,"column":5}}],"line":45},"6":{"loc":{"start":{"line":45,"column":8},"end":{"line":45,"column":67}},"type":"binary-expr","locations":[{"start":{"line":45,"column":8},"end":{"line":45,"column":20}},{"start":{"line":45,"column":24},"end":{"line":45,"column":33}},{"start":{"line":45,"column":37},"end":{"line":45,"column":67}}],"line":45},"7":{"loc":{"start":{"line":65,"column":2},"end":{"line":65,"column":76}},"type":"if","locations":[{"start":{"line":65,"column":2},"end":{"line":65,"column":76}},{"start":{"line":65,"column":2},"end":{"line":65,"column":76}}],"line":65},"8":{"loc":{"start":{"line":67,"column":2},"end":{"line":69,"column":3}},"type":"if","locations":[{"start":{"line":67,"column":2},"end":{"line":69,"column":3}},{"start":{"line":67,"column":2},"end":{"line":69,"column":3}}],"line":67},"9":{"loc":{"start":{"line":67,"column":6},"end":{"line":67,"column":65}},"type":"binary-expr","locations":[{"start":{"line":67,"column":6},"end":{"line":67,"column":18}},{"start":{"line":67,"column":22},"end":{"line":67,"column":31}},{"start":{"line":67,"column":35},"end":{"line":67,"column":65}}],"line":67},"10":{"loc":{"start":{"line":72,"column":4},"end":{"line":89,"column":5}},"type":"if","locations":[{"start":{"line":72,"column":4},"end":{"line":89,"column":5}},{"start":{"line":72,"column":4},"end":{"line":89,"column":5}}],"line":72},"11":{"loc":{"start":{"line":74,"column":6},"end":{"line":87,"column":7}},"type":"if","locations":[{"start":{"line":74,"column":6},"end":{"line":87,"column":7}},{"start":{"line":74,"column":6},"end":{"line":87,"column":7}}],"line":74},"12":{"loc":{"start":{"line":92,"column":2},"end":{"line":92,"column":72}},"type":"if","locations":[{"start":{"line":92,"column":2},"end":{"line":92,"column":72}},{"start":{"line":92,"column":2},"end":{"line":92,"column":72}}],"line":92},"13":{"loc":{"start":{"line":125,"column":2},"end":{"line":125,"column":66}},"type":"if","locations":[{"start":{"line":125,"column":2},"end":{"line":125,"column":66}},{"start":{"line":125,"column":2},"end":{"line":125,"column":66}}],"line":125},"14":{"loc":{"start":{"line":156,"column":4},"end":{"line":156,"column":78}},"type":"if","locations":[{"start":{"line":156,"column":4},"end":{"line":156,"column":78}},{"start":{"line":156,"column":4},"end":{"line":156,"column":78}}],"line":156},"15":{"loc":{"start":{"line":158,"column":4},"end":{"line":160,"column":5}},"type":"if","locations":[{"start":{"line":158,"column":4},"end":{"line":160,"column":5}},{"start":{"line":158,"column":4},"end":{"line":160,"column":5}}],"line":158},"16":{"loc":{"start":{"line":158,"column":8},"end":{"line":158,"column":67}},"type":"binary-expr","locations":[{"start":{"line":158,"column":8},"end":{"line":158,"column":20}},{"start":{"line":158,"column":24},"end":{"line":158,"column":33}},{"start":{"line":158,"column":37},"end":{"line":158,"column":67}}],"line":158},"17":{"loc":{"start":{"line":170,"column":4},"end":{"line":172,"column":5}},"type":"if","locations":[{"start":{"line":170,"column":4},"end":{"line":172,"column":5}},{"start":{"line":170,"column":4},"end":{"line":172,"column":5}}],"line":170},"18":{"loc":{"start":{"line":177,"column":6},"end":{"line":218,"column":7}},"type":"if","locations":[{"start":{"line":177,"column":6},"end":{"line":218,"column":7}},{"start":{"line":177,"column":6},"end":{"line":218,"column":7}}],"line":177},"19":{"loc":{"start":{"line":179,"column":8},"end":{"line":216,"column":9}},"type":"if","locations":[{"start":{"line":179,"column":8},"end":{"line":216,"column":9}},{"start":{"line":179,"column":8},"end":{"line":216,"column":9}}],"line":179},"20":{"loc":{"start":{"line":180,"column":10},"end":{"line":184,"column":11}},"type":"if","locations":[{"start":{"line":180,"column":10},"end":{"line":184,"column":11}},{"start":{"line":180,"column":10},"end":{"line":184,"column":11}}],"line":180},"21":{"loc":{"start":{"line":221,"column":4},"end":{"line":222,"column":73}},"type":"if","locations":[{"start":{"line":221,"column":4},"end":{"line":222,"column":73}},{"start":{"line":221,"column":4},"end":{"line":222,"column":73}}],"line":221},"22":{"loc":{"start":{"line":224,"column":4},"end":{"line":224,"column":74}},"type":"if","locations":[{"start":{"line":224,"column":4},"end":{"line":224,"column":74}},{"start":{"line":224,"column":4},"end":{"line":224,"column":74}}],"line":224}},"s":{"0":3,"1":3,"2":3,"3":3,"4":3,"5":3,"6":3,"7":3,"8":3,"9":3,"10":3,"11":3,"12":0,"13":0,"14":0,"15":0,"16":3,"17":0,"18":0,"19":0,"20":0,"21":0,"22":0,"23":0,"24":3,"25":0,"26":0,"27":0,"28":0,"29":0,"30":0,"31":0,"32":0,"33":0,"34":0,"35":0,"36":0,"37":3,"38":0,"39":0,"40":0,"41":0,"42":0,"43":0,"44":0,"45":0,"46":0,"47":0,"48":0,"49":0,"50":0,"51":0,"52":0,"53":0,"54":0,"55":0,"56":0,"57":0,"58":0,"59":0,"60":0,"61":0,"62":0,"63":0,"64":0,"65":0,"66":0,"67":0,"68":0,"69":0,"70":0,"71":0,"72":3,"73":0,"74":0,"75":0,"76":0,"77":0,"78":0,"79":0,"80":0,"81":0,"82":0,"83":0,"84":0,"85":0,"86":0,"87":0,"88":0,"89":3,"90":0,"91":0,"92":0,"93":0,"94":0,"95":0,"96":0,"97":0,"98":0,"99":0,"100":0,"101":0,"102":0,"103":0,"104":0,"105":0,"106":0,"107":0,"108":0,"109":0,"110":0,"111":0,"112":0,"113":0,"114":0,"115":0,"116":0,"117":0,"118":0,"119":0,"120":0,"121":0,"122":0,"123":0,"124":0,"125":0,"126":0,"127":0,"128":0,"129":0,"130":0,"131":0,"132":0,"133":0,"134":0,"135":0,"136":0,"137":0,"138":0,"139":0,"140":0,"141":0,"142":0,"143":0,"144":3},"f":{"0":0,"1":0,"2":0,"3":0,"4":0,"5":0,"6":0,"7":0,"8":0,"9":0,"10":0,"11":0,"12":0,"13":0,"14":0},"b":{"0":[0,0],"1":[0,0],"2":[0,0],"3":[0,0,0],"4":[0,0],"5":[0,0],"6":[0,0,0],"7":[0,0],"8":[0,0],"9":[0,0,0],"10":[0,0],"11":[0,0],"12":[0,0],"13":[0,0],"14":[0,0],"15":[0,0],"16":[0,0,0],"17":[0,0],"18":[0,0],"19":[0,0],"20":[0,0],"21":[0,0],"22":[0,0]},"_coverageSchema":"1a1c01bbd47fc00a2c39e90264f33305004495a9","hash":"7ca65afaabd9ffa4c616dc2095d25f63a952b500"}
,"D:\\Sep-QRattendanceTeam04\\server\\routes\\roles.js": {"path":"D:\\Sep-QRattendanceTeam04\\server\\routes\\roles.js","statementMap":{"0":{"start":{"line":1,"column":16},"end":{"line":1,"column":34}},"1":{"start":{"line":3,"column":18},"end":{"line":3,"column":44}},"2":{"start":{"line":4,"column":27},"end":{"line":4,"column":68}},"3":{"start":{"line":5,"column":15},"end":{"line":5,"column":31}},"4":{"start":{"line":7,"column":0},"end":{"line":10,"column":3}},"5":{"start":{"line":8,"column":16},"end":{"line":8,"column":34}},"6":{"start":{"line":9,"column":2},"end":{"line":9,"column":18}},"7":{"start":{"line":12,"column":0},"end":{"line":16,"column":3}},"8":{"start":{"line":13,"column":13},"end":{"line":13,"column":48}},"9":{"start":{"line":14,"column":2},"end":{"line":14,"column":59}},"10":{"start":{"line":14,"column":13},"end":{"line":14,"column":59}},"11":{"start":{"line":15,"column":2},"end":{"line":15,"column":17}},"12":{"start":{"line":18,"column":0},"end":{"line":18,"column":24}}},"fnMap":{"0":{"name":"(anonymous_0)","decl":{"start":{"line":7,"column":16},"end":{"line":7,"column":17}},"loc":{"start":{"line":7,"column":36},"end":{"line":10,"column":1}},"line":7},"1":{"name":"(anonymous_1)","decl":{"start":{"line":12,"column":39},"end":{"line":12,"column":40}},"loc":{"start":{"line":12,"column":59},"end":{"line":16,"column":1}},"line":12}},"branchMap":{"0":{"loc":{"start":{"line":14,"column":2},"end":{"line":14,"column":59}},"type":"if","locations":[{"start":{"line":14,"column":2},"end":{"line":14,"column":59}},{"start":{"line":14,"column":2},"end":{"line":14,"column":59}}],"line":14}},"s":{"0":3,"1":3,"2":3,"3":3,"4":3,"5":0,"6":0,"7":3,"8":0,"9":0,"10":0,"11":0,"12":3},"f":{"0":0,"1":0},"b":{"0":[0,0]},"_coverageSchema":"1a1c01bbd47fc00a2c39e90264f33305004495a9","hash":"f570c75f43e10bbda5ac3de3038fb83dc51357d3"}
,"D:\\Sep-QRattendanceTeam04\\server\\routes\\semesters.js": {"path":"D:\\Sep-QRattendanceTeam04\\server\\routes\\semesters.js","statementMap":{"0":{"start":{"line":1,"column":16},"end":{"line":1,"column":34}},"1":{"start":{"line":2,"column":10},"end":{"line":2,"column":27}},"2":{"start":{"line":4,"column":13},"end":{"line":4,"column":42}},"3":{"start":{"line":5,"column":15},"end":{"line":5,"column":32}},"4":{"start":{"line":6,"column":40},"end":{"line":6,"column":70}},"5":{"start":{"line":7,"column":17},"end":{"line":7,"column":50}},"6":{"start":{"line":8,"column":25},"end":{"line":8,"column":66}},"7":{"start":{"line":9,"column":20},"end":{"line":9,"column":48}},"8":{"start":{"line":11,"column":15},"end":{"line":11,"column":31}},"9":{"start":{"line":13,"column":0},"end":{"line":16,"column":3}},"10":{"start":{"line":14,"column":19},"end":{"line":14,"column":41}},"11":{"start":{"line":15,"column":2},"end":{"line":15,"column":21}},"12":{"start":{"line":18,"column":0},"end":{"line":21,"column":3}},"13":{"start":{"line":19,"column":17},"end":{"line":19,"column":77}},"14":{"start":{"line":20,"column":2},"end":{"line":20,"column":21}},"15":{"start":{"line":23,"column":0},"end":{"line":42,"column":3}},"16":{"start":{"line":24,"column":11},"end":{"line":24,"column":34}},"17":{"start":{"line":26,"column":17},"end":{"line":26,"column":25}},"18":{"start":{"line":28,"column":17},"end":{"line":28,"column":69}},"19":{"start":{"line":29,"column":2},"end":{"line":29,"column":78}},"20":{"start":{"line":29,"column":16},"end":{"line":29,"column":78}},"21":{"start":{"line":31,"column":2},"end":{"line":35,"column":5}},"22":{"start":{"line":37,"column":2},"end":{"line":37,"column":24}},"23":{"start":{"line":39,"column":20},"end":{"line":39,"column":42}},"24":{"start":{"line":40,"column":2},"end":{"line":40,"column":40}},"25":{"start":{"line":41,"column":2},"end":{"line":41,"column":21}},"26":{"start":{"line":44,"column":0},"end":{"line":74,"column":2}},"27":{"start":{"line":48,"column":19},"end":{"line":48,"column":27}},"28":{"start":{"line":50,"column":19},"end":{"line":50,"column":71}},"29":{"start":{"line":52,"column":13},"end":{"line":52,"column":36}},"30":{"start":{"line":54,"column":4},"end":{"line":62,"column":6}},"31":{"start":{"line":64,"column":4},"end":{"line":67,"column":61}},"32":{"start":{"line":65,"column":6},"end":{"line":67,"column":61}},"33":{"start":{"line":69,"column":22},"end":{"line":69,"column":44}},"34":{"start":{"line":70,"column":4},"end":{"line":70,"column":42}},"35":{"start":{"line":72,"column":4},"end":{"line":72,"column":23}},"36":{"start":{"line":76,"column":0},"end":{"line":98,"column":3}},"37":{"start":{"line":77,"column":18},"end":{"line":77,"column":74}},"38":{"start":{"line":79,"column":11},"end":{"line":79,"column":34}},"39":{"start":{"line":81,"column":2},"end":{"line":87,"column":3}},"40":{"start":{"line":82,"column":4},"end":{"line":86,"column":8}},"41":{"start":{"line":89,"column":19},"end":{"line":89,"column":67}},"42":{"start":{"line":91,"column":2},"end":{"line":92,"column":80}},"43":{"start":{"line":92,"column":4},"end":{"line":92,"column":80}},"44":{"start":{"line":94,"column":20},"end":{"line":94,"column":42}},"45":{"start":{"line":95,"column":2},"end":{"line":95,"column":39}},"46":{"start":{"line":97,"column":2},"end":{"line":97,"column":34}},"47":{"start":{"line":100,"column":0},"end":{"line":100,"column":24}}},"fnMap":{"0":{"name":"(anonymous_0)","decl":{"start":{"line":13,"column":16},"end":{"line":13,"column":17}},"loc":{"start":{"line":13,"column":36},"end":{"line":16,"column":1}},"line":13},"1":{"name":"(anonymous_1)","decl":{"start":{"line":18,"column":19},"end":{"line":18,"column":20}},"loc":{"start":{"line":18,"column":39},"end":{"line":21,"column":1}},"line":18},"2":{"name":"(anonymous_2)","decl":{"start":{"line":23,"column":53},"end":{"line":23,"column":54}},"loc":{"start":{"line":23,"column":73},"end":{"line":42,"column":1}},"line":23},"3":{"name":"(anonymous_3)","decl":{"start":{"line":47,"column":2},"end":{"line":47,"column":3}},"loc":{"start":{"line":47,"column":22},"end":{"line":73,"column":3}},"line":47},"4":{"name":"(anonymous_4)","decl":{"start":{"line":76,"column":40},"end":{"line":76,"column":41}},"loc":{"start":{"line":76,"column":60},"end":{"line":98,"column":1}},"line":76}},"branchMap":{"0":{"loc":{"start":{"line":29,"column":2},"end":{"line":29,"column":78}},"type":"if","locations":[{"start":{"line":29,"column":2},"end":{"line":29,"column":78}},{"start":{"line":29,"column":2},"end":{"line":29,"column":78}}],"line":29},"1":{"loc":{"start":{"line":64,"column":4},"end":{"line":67,"column":61}},"type":"if","locations":[{"start":{"line":64,"column":4},"end":{"line":67,"column":61}},{"start":{"line":64,"column":4},"end":{"line":67,"column":61}}],"line":64},"2":{"loc":{"start":{"line":81,"column":2},"end":{"line":87,"column":3}},"type":"if","locations":[{"start":{"line":81,"column":2},"end":{"line":87,"column":3}},{"start":{"line":81,"column":2},"end":{"line":87,"column":3}}],"line":81},"3":{"loc":{"start":{"line":91,"column":2},"end":{"line":92,"column":80}},"type":"if","locations":[{"start":{"line":91,"column":2},"end":{"line":92,"column":80}},{"start":{"line":91,"column":2},"end":{"line":92,"column":80}}],"line":91}},"s":{"0":3,"1":3,"2":3,"3":3,"4":3,"5":3,"6":3,"7":3,"8":3,"9":3,"10":1,"11":1,"12":3,"13":2,"14":2,"15":3,"16":0,"17":0,"18":0,"19":0,"20":0,"21":0,"22":0,"23":0,"24":0,"25":0,"26":3,"27":0,"28":0,"29":0,"30":0,"31":0,"32":0,"33":0,"34":0,"35":0,"36":3,"37":0,"38":0,"39":0,"40":0,"41":0,"42":0,"43":0,"44":0,"45":0,"46":0,"47":3},"f":{"0":1,"1":2,"2":0,"3":0,"4":0},"b":{"0":[0,0],"1":[0,0],"2":[0,0],"3":[0,0]},"_coverageSchema":"1a1c01bbd47fc00a2c39e90264f33305004495a9","hash":"b93f4eec4993563755d410c382aa0d040e480a56"}
,"D:\\Sep-QRattendanceTeam04\\server\\routes\\students.js": {"path":"D:\\Sep-QRattendanceTeam04\\server\\routes\\students.js","statementMap":{"0":{"start":{"line":1,"column":16},"end":{"line":1,"column":34}},"1":{"start":{"line":2,"column":17},"end":{"line":2,"column":36}},"2":{"start":{"line":3,"column":13},"end":{"line":3,"column":44}},"3":{"start":{"line":5,"column":38},"end":{"line":5,"column":67}},"4":{"start":{"line":6,"column":20},"end":{"line":6,"column":48}},"5":{"start":{"line":7,"column":17},"end":{"line":7,"column":50}},"6":{"start":{"line":8,"column":25},"end":{"line":8,"column":66}},"7":{"start":{"line":10,"column":15},"end":{"line":10,"column":31}},"8":{"start":{"line":12,"column":0},"end":{"line":15,"column":3}},"9":{"start":{"line":13,"column":19},"end":{"line":13,"column":40}},"10":{"start":{"line":14,"column":2},"end":{"line":14,"column":21}},"11":{"start":{"line":17,"column":0},"end":{"line":21,"column":3}},"12":{"start":{"line":18,"column":18},"end":{"line":18,"column":56}},"13":{"start":{"line":19,"column":2},"end":{"line":19,"column":65}},"14":{"start":{"line":19,"column":16},"end":{"line":19,"column":65}},"15":{"start":{"line":20,"column":2},"end":{"line":20,"column":20}},"16":{"start":{"line":23,"column":0},"end":{"line":85,"column":3}},"17":{"start":{"line":24,"column":36},"end":{"line":24,"column":44}},"18":{"start":{"line":26,"column":11},"end":{"line":26,"column":34}},"19":{"start":{"line":28,"column":16},"end":{"line":28,"column":48}},"20":{"start":{"line":29,"column":2},"end":{"line":29,"column":73}},"21":{"start":{"line":29,"column":15},"end":{"line":29,"column":73}},"22":{"start":{"line":31,"column":2},"end":{"line":31,"column":50}},"23":{"start":{"line":32,"column":2},"end":{"line":32,"column":67}},"24":{"start":{"line":32,"column":15},"end":{"line":32,"column":67}},"25":{"start":{"line":34,"column":16},"end":{"line":36,"column":4}},"26":{"start":{"line":38,"column":2},"end":{"line":44,"column":5}},"27":{"start":{"line":46,"column":2},"end":{"line":84,"column":3}},"28":{"start":{"line":47,"column":17},"end":{"line":47,"column":32}},"29":{"start":{"line":48,"column":4},"end":{"line":48,"column":35}},"30":{"start":{"line":49,"column":4},"end":{"line":75,"column":7}},"31":{"start":{"line":50,"column":6},"end":{"line":60,"column":8}},"32":{"start":{"line":61,"column":6},"end":{"line":74,"column":8}},"33":{"start":{"line":76,"column":4},"end":{"line":76,"column":42}},"34":{"start":{"line":77,"column":23},"end":{"line":77,"column":43}},"35":{"start":{"line":78,"column":4},"end":{"line":78,"column":41}},"36":{"start":{"line":79,"column":18},"end":{"line":79,"column":45}},"37":{"start":{"line":80,"column":4},"end":{"line":80,"column":50}},"38":{"start":{"line":82,"column":4},"end":{"line":82,"column":23}},"39":{"start":{"line":83,"column":4},"end":{"line":83,"column":55}},"40":{"start":{"line":87,"column":0},"end":{"line":104,"column":2}},"41":{"start":{"line":91,"column":20},"end":{"line":95,"column":5}},"42":{"start":{"line":97,"column":4},"end":{"line":100,"column":63}},"43":{"start":{"line":98,"column":6},"end":{"line":100,"column":63}},"44":{"start":{"line":102,"column":4},"end":{"line":102,"column":22}},"45":{"start":{"line":106,"column":0},"end":{"line":117,"column":3}},"46":{"start":{"line":107,"column":50},"end":{"line":107,"column":58}},"47":{"start":{"line":108,"column":17},"end":{"line":108,"column":30}},"48":{"start":{"line":110,"column":18},"end":{"line":113,"column":3}},"49":{"start":{"line":114,"column":2},"end":{"line":114,"column":23}},"50":{"start":{"line":115,"column":2},"end":{"line":115,"column":65}},"51":{"start":{"line":115,"column":16},"end":{"line":115,"column":65}},"52":{"start":{"line":116,"column":2},"end":{"line":116,"column":20}},"53":{"start":{"line":119,"column":0},"end":{"line":132,"column":3}},"54":{"start":{"line":120,"column":18},"end":{"line":120,"column":65}},"55":{"start":{"line":121,"column":2},"end":{"line":124,"column":61}},"56":{"start":{"line":122,"column":4},"end":{"line":124,"column":61}},"57":{"start":{"line":126,"column":2},"end":{"line":129,"column":20}},"58":{"start":{"line":127,"column":17},"end":{"line":127,"column":32}},"59":{"start":{"line":128,"column":4},"end":{"line":128,"column":27}},"60":{"start":{"line":131,"column":2},"end":{"line":131,"column":34}},"61":{"start":{"line":134,"column":0},"end":{"line":134,"column":24}}},"fnMap":{"0":{"name":"(anonymous_0)","decl":{"start":{"line":12,"column":16},"end":{"line":12,"column":17}},"loc":{"start":{"line":12,"column":36},"end":{"line":15,"column":1}},"line":12},"1":{"name":"(anonymous_1)","decl":{"start":{"line":17,"column":19},"end":{"line":17,"column":20}},"loc":{"start":{"line":17,"column":39},"end":{"line":21,"column":1}},"line":17},"2":{"name":"(anonymous_2)","decl":{"start":{"line":23,"column":44},"end":{"line":23,"column":45}},"loc":{"start":{"line":23,"column":64},"end":{"line":85,"column":1}},"line":23},"3":{"name":"(anonymous_3)","decl":{"start":{"line":49,"column":20},"end":{"line":49,"column":21}},"loc":{"start":{"line":49,"column":27},"end":{"line":75,"column":5}},"line":49},"4":{"name":"(anonymous_4)","decl":{"start":{"line":90,"column":2},"end":{"line":90,"column":3}},"loc":{"start":{"line":90,"column":22},"end":{"line":103,"column":3}},"line":90},"5":{"name":"(anonymous_5)","decl":{"start":{"line":106,"column":33},"end":{"line":106,"column":34}},"loc":{"start":{"line":106,"column":53},"end":{"line":117,"column":1}},"line":106},"6":{"name":"(anonymous_6)","decl":{"start":{"line":119,"column":42},"end":{"line":119,"column":43}},"loc":{"start":{"line":119,"column":62},"end":{"line":132,"column":1}},"line":119}},"branchMap":{"0":{"loc":{"start":{"line":19,"column":2},"end":{"line":19,"column":65}},"type":"if","locations":[{"start":{"line":19,"column":2},"end":{"line":19,"column":65}},{"start":{"line":19,"column":2},"end":{"line":19,"column":65}}],"line":19},"1":{"loc":{"start":{"line":29,"column":2},"end":{"line":29,"column":73}},"type":"if","locations":[{"start":{"line":29,"column":2},"end":{"line":29,"column":73}},{"start":{"line":29,"column":2},"end":{"line":29,"column":73}}],"line":29},"2":{"loc":{"start":{"line":32,"column":2},"end":{"line":32,"column":67}},"type":"if","locations":[{"start":{"line":32,"column":2},"end":{"line":32,"column":67}},{"start":{"line":32,"column":2},"end":{"line":32,"column":67}}],"line":32},"3":{"loc":{"start":{"l
[...]
,"D:\\Sep-QRattendanceTeam04\\server\\routes\\users.js": {"path":"D:\\Sep-QRattendanceTeam04\\server\\routes\\users.js","statementMap":{"0":{"start":{"line":1,"column":16},"end":{"line":1,"column":34}},"1":{"start":{"line":2,"column":17},"end":{"line":2,"column":36}},"2":{"start":{"line":3,"column":13},"end":{"line":3,"column":44}},"3":{"start":{"line":4,"column":10},"end":{"line":4,"column":27}},"4":{"start":{"line":6,"column":15},"end":{"line":6,"column":32}},"5":{"start":{"line":7,"column":32},"end":{"line":7,"column":58}},"6":{"start":{"line":8,"column":17},"end":{"line":8,"column":50}},"7":{"start":{"line":9,"column":25},"end":{"line":9,"column":66}},"8":{"start":{"line":10,"column":13},"end":{"line":10,"column":42}},"9":{"start":{"line":11,"column":22},"end":{"line":11,"column":52}},"10":{"start":{"line":12,"column":18},"end":{"line":12,"column":44}},"11":{"start":{"line":13,"column":20},"end":{"line":13,"column":48}},"12":{"start":{"line":14,"column":14},"end":{"line":14,"column":28}},"13":{"start":{"line":16,"column":15},"end":{"line":16,"column":31}},"14":{"start":{"line":18,"column":0},"end":{"line":21,"column":3}},"15":{"start":{"line":19,"column":15},"end":{"line":19,"column":33}},"16":{"start":{"line":20,"column":2},"end":{"line":20,"column":17}},"17":{"start":{"line":23,"column":0},"end":{"line":27,"column":3}},"18":{"start":{"line":24,"column":16},"end":{"line":24,"column":50}},"19":{"start":{"line":25,"column":2},"end":{"line":25,"column":60}},"20":{"start":{"line":25,"column":14},"end":{"line":25,"column":60}},"21":{"start":{"line":26,"column":2},"end":{"line":26,"column":18}},"22":{"start":{"line":29,"column":0},"end":{"line":101,"column":3}},"23":{"start":{"line":30,"column":60},"end":{"line":30,"column":68}},"24":{"start":{"line":32,"column":11},"end":{"line":32,"column":34}},"25":{"start":{"line":34,"column":17},"end":{"line":34,"column":25}},"26":{"start":{"line":36,"column":13},"end":{"line":36,"column":42}},"27":{"start":{"line":37,"column":2},"end":{"line":37,"column":67}},"28":{"start":{"line":37,"column":12},"end":{"line":37,"column":67}},"29":{"start":{"line":39,"column":2},"end":{"line":39,"column":41}},"30":{"start":{"line":40,"column":2},"end":{"line":40,"column":61}},"31":{"start":{"line":40,"column":12},"end":{"line":40,"column":61}},"32":{"start":{"line":42,"column":2},"end":{"line":44,"column":3}},"33":{"start":{"line":43,"column":4},"end":{"line":43,"column":46}},"34":{"start":{"line":45,"column":18},"end":{"line":45,"column":53}},"35":{"start":{"line":46,"column":2},"end":{"line":46,"column":65}},"36":{"start":{"line":46,"column":16},"end":{"line":46,"column":65}},"37":{"start":{"line":48,"column":2},"end":{"line":50,"column":3}},"38":{"start":{"line":49,"column":4},"end":{"line":49,"column":46}},"39":{"start":{"line":51,"column":15},"end":{"line":51,"column":43}},"40":{"start":{"line":52,"column":2},"end":{"line":52,"column":59}},"41":{"start":{"line":52,"column":13},"end":{"line":52,"column":59}},"42":{"start":{"line":54,"column":18},"end":{"line":54,"column":63}},"43":{"start":{"line":56,"column":2},"end":{"line":70,"column":5}},"44":{"start":{"line":67,"column":33},"end":{"line":67,"column":38}},"45":{"start":{"line":72,"column":2},"end":{"line":100,"column":3}},"46":{"start":{"line":73,"column":15},"end":{"line":73,"column":30}},"47":{"start":{"line":74,"column":4},"end":{"line":74,"column":29}},"48":{"start":{"line":75,"column":4},"end":{"line":90,"column":7}},"49":{"start":{"line":76,"column":6},"end":{"line":89,"column":8}},"50":{"start":{"line":91,"column":4},"end":{"line":91,"column":42}},"51":{"start":{"line":93,"column":18},"end":{"line":93,"column":36}},"52":{"start":{"line":94,"column":4},"end":{"line":94,"column":34}},"53":{"start":{"line":96,"column":18},"end":{"line":96,"column":42}},"54":{"start":{"line":97,"column":4},"end":{"line":97,"column":49}},"55":{"start":{"line":99,"column":4},"end":{"line":99,"column":55}},"56":{"start":{"line":103,"column":0},"end":{"line":171,"column":2}},"57":{"start":{"line":107,"column":19},"end":{"line":107,"column":29}},"58":{"start":{"line":108,"column":62},"end":{"line":108,"column":70}},"59":{"start":{"line":110,"column":19},"end":{"line":110,"column":27}},"60":{"start":{"line":112,"column":13},"end":{"line":112,"column":36}},"61":{"start":{"line":114,"column":20},"end":{"line":114,"column":55}},"62":{"start":{"line":115,"column":4},"end":{"line":115,"column":68}},"63":{"start":{"line":115,"column":18},"end":{"line":115,"column":68}},"64":{"start":{"line":117,"column":17},"end":{"line":117,"column":45}},"65":{"start":{"line":118,"column":4},"end":{"line":118,"column":62}},"66":{"start":{"line":118,"column":15},"end":{"line":118,"column":62}},"67":{"start":{"line":120,"column":15},"end":{"line":120,"column":39}},"68":{"start":{"line":121,"column":4},"end":{"line":122,"column":78}},"69":{"start":{"line":122,"column":6},"end":{"line":122,"column":78}},"70":{"start":{"line":124,"column":4},"end":{"line":169,"column":5}},"71":{"start":{"line":125,"column":19},"end":{"line":125,"column":34}},"72":{"start":{"line":126,"column":6},"end":{"line":141,"column":8}},"73":{"start":{"line":142,"column":6},"end":{"line":155,"column":8}},"74":{"start":{"line":156,"column":6},"end":{"line":156,"column":23}},"75":{"start":{"line":157,"column":6},"end":{"line":157,"column":43}},"76":{"start":{"line":159,"column":20},"end":{"line":159,"column":38}},"77":{"start":{"line":160,"column":6},"end":{"line":160,"column":36}},"78":{"start":{"line":162,"column":20},"end":{"line":162,"column":44}},"79":{"start":{"line":163,"column":6},"end":{"line":163,"column":40}},"80":{"start":{"line":165,"column":6},"end":{"line":165,"column":21}},"81":{"start":{"line":167,"column":6},"end":{"line":167,"column":25}},"82":{"start":{"line":168,"column":6},"end":{"line":168,"column":57}},"83":{"start":{"line":173,"column":0},"end":{"line":196,"column":3}},"84":{"start":{"line":174,"column":17},"end":{"line":174,"column":27}},"85":{"start":{"line":176,"column":11},"end":{"line":176,"column":34}},"86":{"start":{"line":178,"column":15},"end":{"line":178,"column":39}},"87":{"start":{"line":179,"column":2},"end":{"line":180,"column":76}},"88":{"start":{"line":180,"column":4},"end":{"line":180,"column":76}},"89":{"start":{"line":182,"column":2},"end":{"line":187,"column":8}},"90":{"start":{"line":183,"column":4},"end":{"line":187,"column":8}},"91":{"start":{"line":189,"column":2},"end":{"line":189,"column":43}},"92":{"start":{"line":191,"column":16},"end":{"line":191,"column":34}},"93":{"start":{"line":192,"column":2},"end":{"line":192,"column":31}},"94":{"start":{"line":193,"column":2},"end":{"line":193,"column":29}},"95":{"start":{"line":195,"column":2},"end":{"line":195,"column":34}},"96":{"start":{"line":198,"column":0},"end":{"line":198,"column":24}}},"fnMap":{"0":{"name":"(anonymous_0)","decl":{"start":{"line":18,"column":16},"end":{"line":18,"column":17}},"loc":{"start":{"line":18,"column":36},"end":{"line":21,"column":1}},"line":18},"1":{"name":"(anonymous_1)","decl":{"start":{"line":23,"column":24},"end":{"line":23,"column":25}},"loc":{"start":{"line":23,"column":44},"end":{"line":27,"column":1}},"line":23},"2":{"name":"(anonymous_2)","decl":{"start":{"line":29,"column":49},"end":{"line":29,"column":50}},"loc":{"start":{"line":29,"column":75},"end":{"line":101,"column":1}},"line":29},"3":{"name":"(anonymous_3)","decl":{"start":{"line":67,"column":26},"end":{"line":67,"column":27}},"loc":{"start":{"line":67,"column":33},"end":{"line":67,"column":38}},"line":67},"4":{"name":"(anonymous_4)","decl":{"start":{"line":75,"column":21},"end":{"line":75,"column":22}},"loc":{"start":{"line":75,"column":28},"end":{"line":90,"column":5}},"line":75},"5":{"name":"(anonymous_5)","decl":{"start":{"line":106,"column":2},"end":{"line":106,"column":3}},"loc":{"start":{"line":106,"column":22},"end":{"line":170,"column":3}},"line":106},"6":{"name":"(anonymous_6)","decl":{"start":{"line":173,"column":40},"end":{"line":173,"column":41}},"loc":{"start":{"line":173,"column":60},"end":{"line":196,"column":1}},"line":173}},"branchMap":{"0":{"loc":{"start":{"line":25,"column":2},"end":{"line":25,"column":60}},"type":"if","locations":[{"start":{"line":25,"column":2},"end":{"line":25,"column":60}},{"start":{"line":25,"column":2},"end":{"line":25,"column":60}}],"line":25},"1":{"loc":{"start":{"line":37,"column":2},"end":{"line":37,"column":67}},"type":"if","locations":[{"start":{"line":37,"column":2},"end":{"line":37,"column":67}},{"start":{"line":37,"column":2},"end":{"line":37,"column":67}}],"line":37},"2":{"loc":{"start":{"line":40,"column":2},"end":{"line":40,"column":61}},"type":"if","locations":[{"start":{"line":40,"column":2},"end":{"line":40,"column":61}},{"start":{"line":40,"column":2},"end":{"line":40,"column":61}}],"line":40},"3":{"loc":{"start":{"line":42,"column":2},"end":{"line":44,"column":3}},"type":"if","locations":[{"start":{"line":42,"column":2},"end":{"line":44,"column":3}},{"start":{"line":42,"column":2},"end":{"line":44,"column":3}}],"line":42},"4":{"loc":{"start":{"line":46,"column":2},"end":{"line":46,"column":65}},"type":"if","locations":[{"start":{"line":46,"column":2},"end":{"line":46,"column":65}},{"start":{"line":46,"column":2},"end":{"line":46,"column":65}}],"line":46},"5":{"loc":{"start":{"line":48,"column":2},"end":{"line":50,"column":3}},"type":"if","locations":[{"start":{"line":48,"column":2},"end":{"line":50,"column":3}},{"start":{"line":48,"column":2},"end":{"line":50,"column":3}}],"line":48},"6":{"loc":{"start":{"line":52,"column":2},"end":{"line":52,"column":59}},"type":"if","locations":[{"start":{"line":52,"column":2},"end":{"line":52,"column":59}},{"start":{"line":52,"column":2},"end":{"line":52,"column":59}}],"line":52},"7":{"loc":{"start":{"line":115,"column":4},"end":{"line":115,"column":68}},"type":"if","locations":[{"start":{"line":115,"column":4},"end":{"line":115,"column":68}},{"start":{"line":115,"column":4},"end":{"line":115,"column":68}}],"line":115},"8":{"loc":{"start":{"line":118,"column":4},"end":{"line":118,"column":62}},"type":"if","locations":[{"start":{"line":118,"column":4},"end":{"line":118,"column":62}},{"start":{"line":118,"column":4},"end":{"line":118,"column":62}}],"line":118},"9":{"loc":{"start":{"line":121,"column":4},"end":{"line":122,"column":78}},"type":"if","locations":[{"start":{"line":121,"column":4},"end":{"line":122,"column":78}},{"start":{"line":121,"column":4},"end":{"line":122,"column":78}}],"line":121},"10":{"loc":{"start":{"line":179,"column":2},"end":{"line":180,"column":76}},"type":"if","locations":[{"start":{"line":179,"column":2},"end":{"line":180,"column":76}},{"start":{"line":179,"column":2},"end":{"line":180,"column":76}}],"line":179},"11":{"loc":{"start":{"line":182,"column":2},"end":{"line":187,"column":8}},"type":"if","locations":[{"start":{"line":182,"column":2},"end":{"line":187,"column":8}},{"start":{"line":182,"column":2},"end":{"line":187,"column":8}}],"line":182}},"s":{"0":3,"1":3,"2":3,"3":3,"4":3,"5":3,"6":3,"7":3,"8":3,"9":3,"10":3,"11":3,"12":3,"13":3,"14":3,"15":0,"16":0,"17":3,"18":0,"19":0,"20":0,"21":0,"22":3,"23":0,"24":0,"25":0,"26":0,"27":0,"28":0,"29":0,"30":0,"31":0,"32":0,"33":0,"34":0,"35":0,"36":0,"37":0,"38":0,"39":0,"40":0,"41":0,"42":0,"43":0,"44":0,"45":0,"46":0,"47":0,"48":0,"49":0,"50":0,"51":0,"52":0,"53":0,"54":0,"55":0,"56":3,"57":0,"58":0,"59":0,"60":0,"61":0,"62":0,"63":0,"64":0,"65":0,"66":0,"67":0,"68":0,"69":0,"70":0,"71":0,"72":0,"73":0,"74":0,"75":0,"76":0,"77":0,"78":0,"79":0,"80":0,"81":0,"82":0,"83":3,"84":0,"85":0,"86":0,"87":0,"88":0,"89":0,"90":0,"91":0,"92":0,"93":0,"94":0,"95":0,"96":3},"f":{"0":0,"1":0,"2":0,"3":0,"4":0,"5":0,"6":0},"b":{"0":[0,0],"1":[0,0],"2":[0,0],"3":[0,0],"4":[0,0],"5":[0,0],"6":[0,0],"7":[0,0],"8":[0,0],"9":[0,0],"10":[0,0],"11":[0,0]},"_coverageSchema":"1a1c01bbd47fc00a2c39e90264f33305004495a9","hash":"73694c6b4e981e14f07cf4bcbf5fec483e13406c"}
,"D:\\Sep-QRattendanceTeam04\\server\\startup\\db.js": {"path":"D:\\Sep-QRattendanceTeam04\\server\\startup\\db.js","statementMap":{"0":{"start":{"line":1,"column":16},"end":{"line":1,"column":34}},"1":{"start":{"line":2,"column":17},"end":{"line":2,"column":36}},"2":{"start":{"line":3,"column":15},"end":{"line":3,"column":32}},"3":{"start":{"line":5,"column":0},"end":{"line":15,"column":2}},"4":{"start":{"line":6,"column":13},"end":{"line":6,"column":29}},"5":{"start":{"line":7,"column":2},"end":{"line":14,"column":55}},"6":{"start":{"line":14,"column":16},"end":{"line":14,"column":53}}},"fnMap":{"0":{"name":"(anonymous_0)","decl":{"start":{"line":5,"column":17},"end":{"line":5,"column":18}},"loc":{"start":{"line":5,"column":29},"end":{"line":15,"column":1}},"line":5},"1":{"name":"(anonymous_1)","decl":{"start":{"line":14,"column":10},"end":{"line":14,"column":11}},"loc":{"start":{"line":14,"column":16},"end":{"line":14,"column":53}},"line":14}},"branchMap":{},"s":{"0":3,"1":3,"2":3,"3":3,"4":3,"5":3,"6":3},"f":{"0":3,"1":3},"b":{},"_coverageSchema":"1a1c01bbd47fc00a2c39e90264f33305004495a9","hash":"ae9d66fe49287569813b8dcfaeb86d0ad2532b38"}
,"D:\\Sep-QRattendanceTeam04\\server\\startup\\logging.js": {"path":"D:\\Sep-QRattendanceTeam04\\server\\startup\\logging.js","statementMap":{"0":{"start":{"line":1,"column":16},"end":{"line":1,"column":34}},"1":{"start":{"line":3,"column":0},"end":{"line":3,"column":32}},"2":{"start":{"line":5,"column":0},"end":{"line":23,"column":2}},"3":{"start":{"line":6,"column":2},"end":{"line":9,"column":4}},"4":{"start":{"line":11,"column":2},"end":{"line":13,"column":5}},"5":{"start":{"line":12,"column":4},"end":{"line":12,"column":13}},"6":{"start":{"line":15,"column":2},"end":{"line":18,"column":4}}},"fnMap":{"0":{"name":"(anonymous_0)","decl":{"start":{"line":5,"column":17},"end":{"line":5,"column":18}},"loc":{"start":{"line":5,"column":29},"end":{"line":23,"column":1}},"line":5},"1":{"name":"(anonymous_1)","decl":{"start":{"line":11,"column":35},"end":{"line":11,"column":36}},"loc":{"start":{"line":11,"column":43},"end":{"line":13,"column":3}},"line":11}},"branchMap":{},"s":{"0":3,"1":3,"2":3,"3":3,"4":3,"5":0,"6":3},"f":{"0":3,"1":0},"b":{},"_coverageSchema":"1a1c01bbd47fc00a2c39e90264f33305004495a9","hash":"75e8f8fe9df2de02330325eca320c765ae57eeb6"}
,"D:\\Sep-QRattendanceTeam04\\server\\startup\\prod.js": {"path":"D:\\Sep-QRattendanceTeam04\\server\\startup\\prod.js","statementMap":{"0":{"start":{"line":1,"column":15},"end":{"line":1,"column":32}},"1":{"start":{"line":2,"column":13},"end":{"line":2,"column":28}},"2":{"start":{"line":3,"column":20},"end":{"line":3,"column":42}},"3":{"start":{"line":4,"column":18},"end":{"line":4,"column":47}},"4":{"start":{"line":6,"column":0},"end":{"line":21,"column":2}},"5":{"start":{"line":7,"column":2},"end":{"line":7,"column":20}},"6":{"start":{"line":8,"column":2},"end":{"line":13,"column":4}},"7":{"start":{"line":14,"column":2},"end":{"line":19,"column":4}},"8":{"start":{"line":20,"column":2},"end":{"line":20,"column":25}}},"fnMap":{"0":{"name":"(anonymous_0)","decl":{"start":{"line":6,"column":17},"end":{"line":6,"column":18}},"loc":{"start":{"line":6,"column":32},"end":{"line":21,"column":1}},"line":6}},"branchMap":{},"s":{"0":3,"1":3,"2":3,"3":3,"4":3,"5":3,"6":3,"7":3,"8":3},"f":{"0":3},"b":{},"_coverageSchema":"1a1c01bbd47fc00a2c39e90264f33305004495a9","hash":"db4c358e1e0b38ab40ef960fae067c3b2c18c88c"}
,"D:\\Sep-QRattendanceTeam04\\server\\startup\\routes.js": {"path":"D:\\Sep-QRattendanceTeam04\\server\\startup\\routes.js","statementMap":{"0":{"start":{"line":1,"column":16},"end":{"line":1,"column":34}},"1":{"start":{"line":3,"column":14},"end":{"line":3,"column":40}},"2":{"start":{"line":4,"column":18},"end":{"line":4,"column":48}},"3":{"start":{"line":5,"column":16},"end":{"line":5,"column":44}},"4":{"start":{"line":6,"column":18},"end":{"line":6,"column":48}},"5":{"start":{"line":7,"column":14},"end":{"line":7,"column":40}},"6":{"start":{"line":8,"column":13},"end":{"line":8,"column":38}},"7":{"start":{"line":9,"column":17},"end":{"line":9,"column":46}},"8":{"start":{"line":10,"column":16},"end":{"line":10,"column":44}},"9":{"start":{"line":11,"column":14},"end":{"line":11,"column":44}},"10":{"start":{"line":13,"column":0},"end":{"line":24,"column":2}},"11":{"start":{"line":14,"column":2},"end":{"line":14,"column":26}},"12":{"start":{"line":15,"column":2},"end":{"line":15,"column":31}},"13":{"start":{"line":16,"column":2},"end":{"line":16,"column":39}},"14":{"start":{"line":17,"column":2},"end":{"line":17,"column":37}},"15":{"start":{"line":18,"column":2},"end":{"line":18,"column":35}},"16":{"start":{"line":19,"column":2},"end":{"line":19,"column":39}},"17":{"start":{"line":20,"column":2},"end":{"line":20,"column":35}},"18":{"start":{"line":21,"column":2},"end":{"line":21,"column":29}},"19":{"start":{"line":22,"column":2},"end":{"line":22,"column":31}},"20":{"start":{"line":23,"column":2},"end":{"line":23,"column":17}}},"fnMap":{"0":{"name":"(anonymous_0)","decl":{"start":{"line":13,"column":17},"end":{"line":13,"column":18}},"loc":{"start":{"line":13,"column":32},"end":{"line":24,"column":1}},"line":13}},"branchMap":{},"s":{"0":3,"1":3,"2":3,"3":3,"4":3,"5":3,"6":3,"7":3,"8":3,"9":3,"10":3,"11":3,"12":3,"13":3,"14":3,"15":3,"16":3,"17":3,"18":3,"19":3,"20":3},"f":{"0":3},"b":{},"_coverageSchema":"1a1c01bbd47fc00a2c39e90264f33305004495a9","hash":"84da1daff390a29dd22d7d51e2e35bbce0462463"}
,"D:\\Sep-QRattendanceTeam04\\server\\startup\\validation.js": {"path":"D:\\Sep-QRattendanceTeam04\\server\\startup\\validation.js","statementMap":{"0":{"start":{"line":1,"column":12},"end":{"line":1,"column":26}},"1":{"start":{"line":3,"column":0},"end":{"line":5,"column":1}},"2":{"start":{"line":4,"column":2},"end":{"line":4,"column":46}}},"fnMap":{"0":{"name":"(anonymous_0)","decl":{"start":{"line":3,"column":17},"end":{"line":3,"column":18}},"loc":{"start":{"line":3,"column":28},"end":{"line":5,"column":1}},"line":3}},"branchMap":{},"s":{"0":3,"1":3,"2":3},"f":{"0":3},"b":{},"_coverageSchema":"1a1c01bbd47fc00a2c39e90264f33305004495a9","hash":"b51259035ee899f8919a8f4be9a7ee04c71c019f"}
,"D:\\Sep-QRattendanceTeam04\\server\\utils\\transaction.js": {"path":"D:\\Sep-QRattendanceTeam04\\server\\utils\\transaction.js","statementMap":{"0":{"start":{"line":1,"column":13},"end":{"line":1,"column":28}},"1":{"start":{"line":2,"column":17},"end":{"line":2,"column":36}},"2":{"start":{"line":4,"column":0},"end":{"line":4,"column":20}},"3":{"start":{"line":6,"column":0},"end":{"line":6,"column":22}}},"fnMap":{},"branchMap":{},"s":{"0":3,"1":3,"2":3,"3":3},"f":{},"b":{},"_coverageSchema":"1a1c01bbd47fc00a2c39e90264f33305004495a9","hash":"a50f39e56b49d1cae8a46cf2e9cb573e4511e1b1"}
}
