TN:
SF:index.js
FN:25,(anonymous_0)
FNF:1
FNH:1
FNDA:3,(anonymous_0)
DA:1,3
DA:2,3
DA:3,3
DA:5,3
DA:6,3
DA:8,3
DA:15,3
DA:17,3
DA:18,3
DA:19,3
DA:20,3
DA:21,3
DA:23,3
DA:25,3
DA:26,3
DA:29,3
LF:16
LH:16
BRDA:23,0,0,3
BRDA:23,0,1,0
BRF:2
BRH:1
end_of_record
TN:
SF:middleware\auth.js
FN:4,(anonymous_0)
FNF:1
FNH:1
FNDA:2,(anonymous_0)
DA:1,4
DA:2,4
DA:4,4
DA:5,2
DA:6,2
DA:8,1
DA:9,1
DA:10,1
DA:11,1
DA:13,0
LF:10
LH:9
BRDA:6,0,0,1
BRDA:6,0,1,1
BRF:2
BRH:2
end_of_record
TN:
SF:middleware\error.js
FN:3,(anonymous_0)
FNF:1
FNH:1
FNDA:1,(anonymous_0)
DA:1,3
DA:3,3
DA:4,1
DA:11,1
LF:4
LH:4
BRF:0
BRH:0
end_of_record
TN:
SF:middleware\validate.js
FN:1,(anonymous_0)
FN:2,(anonymous_1)
FNF:2
FNH:2
FNDA:45,(anonymous_0)
FNDA:7,(anonymous_1)
DA:1,3
DA:2,45
DA:3,7
DA:4,7
DA:6,0
LF:5
LH:4
BRDA:4,0,0,7
BRDA:4,0,1,0
BRF:2
BRH:1
end_of_record
TN:
SF:middleware\validateObjectId.js
FN:3,(anonymous_0)
FNF:1
FNH:0
FNDA:0,(anonymous_0)
DA:1,3
DA:3,3
DA:4,0
DA:5,0
DA:7,0
LF:5
LH:2
BRDA:4,0,0,0
BRDA:4,0,1,0
BRF:2
BRH:0
end_of_record
TN:
SF:models\classes.js
FN:72,validateClass
FN:92,validateStudentInClass
FNF:2
FNH:1
FNDA:3,validateClass
FNDA:0,validateStudentInClass
DA:1,3
DA:2,3
DA:4,3
DA:6,3
DA:13,3
DA:70,3
DA:73,3
DA:89,3
DA:93,0
DA:102,0
DA:105,3
DA:106,3
DA:107,3
LF:13
LH:11
BRF:0
BRH:0
end_of_record
TN:
SF:models\faculties.js
FNF:0
FNH:0
DA:1,5
DA:3,5
DA:8,5
DA:10,5
DA:11,5
LF:5
LH:5
BRF:0
BRH:0
end_of_record
TN:
SF:models\roles.js
FNF:0
FNH:0
DA:1,5
DA:3,5
DA:7,5
DA:9,5
DA:10,5
LF:5
LH:5
BRF:0
BRH:0
end_of_record
TN:
SF:models\semesters.js
FN:14,validateSemester
FNF:1
FNH:1
FNDA:4,validateSemester
DA:1,3
DA:2,3
DA:4,3
DA:12,3
DA:15,4
DA:21,4
DA:24,3
DA:25,3
DA:26,3
LF:9
LH:9
BRF:0
BRH:0
end_of_record
TN:
SF:models\students.js
FN:51,(anonymous_0)
FN:66,validateStudent
FNF:2
FNH:0
FNDA:0,(anonymous_0)
FNDA:0,validateStudent
DA:1,3
DA:2,3
DA:3,3
DA:4,3
DA:6,3
DA:15,3
DA:51,3
DA:52,0
DA:61,0
DA:64,3
DA:67,0
DA:73,0
DA:76,3
DA:77,3
LF:14
LH:10
BRF:0
BRH:0
end_of_record
TN:
SF:models\users.js
FN:21,(anonymous_0)
FN:36,validateUser
FNF:2
FNH:1
FNDA:7,(anonymous_0)
FNDA:0,validateUser
DA:1,5
DA:2,5
DA:3,5
DA:4,5
DA:6,5
DA:7,5
DA:9,5
DA:21,5
DA:22,7
DA:31,7
DA:34,5
DA:37,0
DA:48,0
DA:51,5
DA:52,5
LF:15
LH:13
BRF:0
BRH:0
end_of_record
TN:
SF:routes\auth.js
FN:14,(anonymous_0)
FN:42,(anonymous_1)
FN:66,validateAuth
FNF:3
FNH:0
FNDA:0,(anonymous_0)
FNDA:0,(anonymous_1)
FNDA:0,validateAuth
DA:1,3
DA:2,3
DA:3,3
DA:4,3
DA:5,3
DA:6,3
DA:8,3
DA:9,3
DA:10,3
DA:12,3
DA:14,3
DA:15,0
DA:16,0
DA:18,0
DA:19,0
DA:21,0
DA:22,0
DA:25,0
DA:26,0
DA:27,0
DA:35,0
DA:38,0
DA:39,0
DA:42,3
DA:43,0
DA:45,0
DA:46,0
DA:49,0
DA:50,0
DA:51,0
DA:59,0
DA:62,0
DA:63,0
DA:67,0
DA:73,0
DA:76,3
LF:36
LH:13
BRDA:18,0,0,0
BRDA:18,0,1,0
BRDA:21,1,0,0
BRDA:21,1,1,0
BRDA:26,2,0,0
BRDA:26,2,1,0
BRDA:45,3,0,0
BRDA:45,3,1,0
BRDA:50,4,0,0
BRDA:50,4,1,0
BRF:10
BRH:0
end_of_record
TN:
SF:routes\classes.js
FN:22,(anonymous_0)
FN:33,(anonymous_1)
FN:39,(anonymous_2)
FN:44,(anonymous_3)
FN:150,(anonymous_4)
FN:162,(anonymous_5)
FN:174,(anonymous_6)
FN:238,(anonymous_7)
FN:249,(anonymous_8)
FN:252,(anonymous_9)
FN:253,(anonymous_10)
FN:272,(anonymous_11)
FN:282,(anonymous_12)
FN:285,(anonymous_13)
FN:286,(anonymous_14)
FN:331,(anonymous_15)
FN:335,(anonymous_16)
FN:341,(anonymous_17)
FN:346,(anonymous_18)
FN:387,(anonymous_19)
FN:475,(anonymous_20)
FN:496,(anonymous_21)
FN:505,(anonymous_22)
FN:529,generateLessons
FNF:24
FNH:1
FNDA:0,(anonymous_0)
FNDA:1,(anonymous_1)
FNDA:0,(anonymous_2)
FNDA:0,(anonymous_3)
FNDA:0,(anonymous_4)
FNDA:0,(anonymous_5)
FNDA:0,(anonymous_6)
FNDA:0,(anonymous_7)
FNDA:0,(anonymous_8)
FNDA:0,(anonymous_9)
FNDA:0,(anonymous_10)
FNDA:0,(anonymous_11)
FNDA:0,(anonymous_12)
FNDA:0,(anonymous_13)
FNDA:0,(anonymous_14)
FNDA:0,(anonymous_15)
FNDA:0,(anonymous_16)
FNDA:0,(anonymous_17)
FNDA:0,(anonymous_18)
FNDA:0,(anonymous_19)
FNDA:0,(anonymous_20)
FNDA:0,(anonymous_21)
FNDA:0,(anonymous_22)
FNDA:0,generateLessons
DA:2,3
DA:3,3
DA:4,3
DA:5,3
DA:6,3
DA:7,3
DA:9,3
DA:10,3
DA:11,3
DA:16,3
DA:17,3
DA:18,3
DA:20,3
DA:22,3
DA:23,0
DA:24,0
DA:25,0
DA:27,0
DA:30,0
DA:33,3
DA:34,1
DA:35,0
DA:39,3
DA:40,0
DA:41,0
DA:44,3
DA:59,0
DA:61,0
DA:63,0
DA:65,0
DA:66,0
DA:69,0
DA:70,0
DA:72,0
DA:74,0
DA:76,0
DA:77,0
DA:78,0
DA:86,0
DA:120,0
DA:121,0
DA:122,0
DA:123,0
DA:130,0
DA:132,0
DA:138,0
DA:140,0
DA:142,0
DA:143,0
DA:147,3
DA:151,0
DA:152,0
DA:154,0
DA:156,0
DA:158,0
DA:159,0
DA:161,0
DA:162,0
DA:164,0
DA:166,0
DA:167,0
DA:168,0
DA:174,0
DA:175,0
DA:181,0
DA:182,0
DA:183,0
DA:186,0
DA:187,0
DA:188,0
DA:203,0
DA:223,0
DA:225,0
DA:226,0
DA:227,0
DA:228,0
DA:230,0
DA:235,3
DA:239,0
DA:240,0
DA:242,0
DA:244,0
DA:246,0
DA:247,0
DA:249,0
DA:250,0
DA:252,0
DA:253,0
DA:254,0
DA:255,0
DA:256,0
DA:261,0
DA:262,0
DA:263,0
DA:265,0
DA:266,0
DA:267,0
DA:268,0
DA:272,3
DA:273,0
DA:275,0
DA:277,0
DA:279,0
DA:280,0
DA:282,0
DA:283,0
DA:285,0
DA:286,0
DA:287,0
DA:288,0
DA:289,0
DA:290,0
DA:292,0
DA:293,0
DA:299,0
DA:300,0
DA:301,0
DA:315,0
DA:326,0
DA:332,0
DA:336,0
DA:342,0
DA:347,0
DA:352,0
DA:371,0
DA:373,0
DA:375,0
DA:376,0
DA:377,0
DA:378,0
DA:380,0
DA:384,3
DA:388,0
DA:403,0
DA:405,0
DA:407,0
DA:409,0
DA:410,0
DA:412,0
DA:413,0
DA:414,0
DA:421,0
DA:430,0
DA:431,0
DA:433,0
DA:434,0
DA:436,0
DA:459,0
DA:460,0
DA:468,0
DA:475,0
DA:476,0
DA:483,0
DA:485,0
DA:487,0
DA:488,0
DA:489,0
DA:491,0
DA:496,3
DA:497,0
DA:498,0
DA:500,0
DA:501,0
DA:503,0
DA:504,0
DA:505,0
DA:506,0
DA:518,0
DA:519,0
DA:520,0
DA:521,0
DA:522,0
DA:524,0
DA:525,0
DA:530,0
DA:531,0
DA:532,0
DA:533,0
DA:548,0
DA:551,3
LF:180
LH:24
BRDA:24,0,0,0
BRDA:24,0,1,0
BRDA:66,1,0,0
BRDA:66,1,1,0
BRDA:69,2,0,0
BRDA:69,2,1,0
BRDA:74,3,0,0
BRDA:74,3,1,0
BRDA:77,4,0,0
BRDA:77,4,1,0
BRDA:159,5,0,0
BRDA:159,5,1,0
BRDA:164,6,0,0
BRDA:164,6,1,0
BRDA:167,7,0,0
BRDA:167,7,1,0
BRDA:247,8,0,0
BRDA:247,8,1,0
BRDA:250,9,0,0
BRDA:250,9,1,0
BRDA:254,10,0,0
BRDA:254,10,1,0
BRDA:280,11,0,0
BRDA:280,11,1,0
BRDA:283,12,0,0
BRDA:283,12,1,0
BRDA:287,13,0,0
BRDA:287,13,1,0
BRDA:288,14,0,0
BRDA:288,14,1,0
BRDA:410,15,0,0
BRDA:410,15,1,0
BRDA:413,16,0,0
BRDA:413,16,1,0
BRDA:431,17,0,0
BRDA:431,17,1,0
BRDA:459,18,0,0
BRDA:459,18,1,0
BRDA:500,19,0,0
BRDA:500,19,1,0
BRF:40
BRH:0
end_of_record
TN:
SF:routes\faculties.js
FN:7,(anonymous_0)
FN:12,(anonymous_1)
FNF:2
FNH:0
FNDA:0,(anonymous_0)
FNDA:0,(anonymous_1)
DA:1,3
DA:3,3
DA:4,3
DA:5,3
DA:7,3
DA:8,0
DA:9,0
DA:12,3
DA:13,0
DA:14,0
DA:15,0
DA:18,3
LF:12
LH:7
BRDA:14,0,0,0
BRDA:14,0,1,0
BRF:2
BRH:0
end_of_record
TN:
SF:routes\lessons.js
FN:15,(anonymous_0)
FN:22,(anonymous_1)
FN:38,(anonymous_2)
FN:57,(anonymous_3)
FN:71,(anonymous_4)
FN:119,(anonymous_5)
FN:136,(anonymous_6)
FN:149,(anonymous_7)
FN:176,(anonymous_8)
FN:192,(anonymous_9)
FN:197,(anonymous_10)
FN:202,(anonymous_11)
FN:207,(anonymous_12)
FN:252,validateLesson
FN:260,validateAttendance
FNF:15
FNH:0
FNDA:0,(anonymous_0)
FNDA:0,(anonymous_1)
FNDA:0,(anonymous_2)
FNDA:0,(anonymous_3)
FNDA:0,(anonymous_4)
FNDA:0,(anonymous_5)
FNDA:0,(anonymous_6)
FNDA:0,(anonymous_7)
FNDA:0,(anonymous_8)
FNDA:0,(anonymous_9)
FNDA:0,(anonymous_10)
FNDA:0,(anonymous_11)
FNDA:0,(anonymous_12)
FNDA:0,validateLesson
FNDA:0,validateAttendance
DA:1,3
DA:2,3
DA:3,3
DA:4,3
DA:5,3
DA:6,3
DA:7,3
DA:9,3
DA:10,3
DA:11,3
DA:13,3
DA:15,3
DA:16,0
DA:17,0
DA:19,0
DA:22,3
DA:23,0
DA:25,0
DA:26,0
DA:28,0
DA:29,0
DA:32,0
DA:35,3
DA:39,0
DA:40,0
DA:42,0
DA:43,0
DA:45,0
DA:46,0
DA:48,0
DA:49,0
DA:50,0
DA:52,0
DA:53,0
DA:57,3
DA:58,0
DA:59,0
DA:61,0
DA:62,0
DA:64,0
DA:65,0
DA:67,0
DA:68,0
DA:71,0
DA:72,0
DA:73,0
DA:74,0
DA:75,0
DA:76,0
DA:77,0
DA:78,0
DA:80,0
DA:82,0
DA:83,0
DA:84,0
DA:85,0
DA:86,0
DA:88,0
DA:92,0
DA:94,0
DA:95,0
DA:96,0
DA:97,0
DA:111,0
DA:112,0
DA:113,0
DA:115,0
DA:119,3
DA:120,0
DA:122,0
DA:124,0
DA:125,0
DA:127,0
DA:128,0
DA:129,0
DA:131,0
DA:133,0
DA:134,0
DA:136,0
DA:137,0
DA:140,0
DA:142,0
DA:143,0
DA:146,3
DA:150,0
DA:151,0
DA:153,0
DA:155,0
DA:156,0
DA:158,0
DA:159,0
DA:162,0
DA:164,0
DA:166,0
DA:168,0
DA:170,0
DA:171,0
DA:174,0
DA:176,0
DA:177,0
DA:178,0
DA:179,0
DA:180,0
DA:181,0
DA:186,0
DA:187,0
DA:188,0
DA:189,0
DA:191,0
DA:193,0
DA:196,0
DA:198,0
DA:201,0
DA:203,0
DA:206,0
DA:208,0
DA:211,0
DA:212,0
DA:213,0
DA:215,0
DA:217,0
DA:221,0
DA:222,0
DA:224,0
DA:226,0
DA:227,0
DA:228,0
DA:229,0
DA:243,0
DA:244,0
DA:245,0
DA:247,0
DA:253,0
DA:257,0
DA:261,0
DA:267,0
DA:270,3
LF:137
LH:18
BRDA:17,0,0,0
BRDA:17,0,1,0
BRDA:26,1,0,0
BRDA:26,1,1,0
BRDA:28,2,0,0
BRDA:28,2,1,0
BRDA:28,3,0,0
BRDA:28,3,1,0
BRDA:28,3,2,0
BRDA:43,4,0,0
BRDA:43,4,1,0
BRDA:45,5,0,0
BRDA:45,5,1,0
BRDA:45,6,0,0
BRDA:45,6,1,0
BRDA:45,6,2,0
BRDA:65,7,0,0
BRDA:65,7,1,0
BRDA:67,8,0,0
BRDA:67,8,1,0
BRDA:67,9,0,0
BRDA:67,9,1,0
BRDA:67,9,2,0
BRDA:72,10,0,0
BRDA:72,10,1,0
BRDA:74,11,0,0
BRDA:74,11,1,0
BRDA:92,12,0,0
BRDA:92,12,1,0
BRDA:125,13,0,0
BRDA:125,13,1,0
BRDA:156,14,0,0
BRDA:156,14,1,0
BRDA:158,15,0,0
BRDA:158,15,1,0
BRDA:158,16,0,0
BRDA:158,16,1,0
BRDA:158,16,2,0
BRDA:170,17,0,0
BRDA:170,17,1,0
BRDA:177,18,0,0
BRDA:177,18,1,0
BRDA:179,19,0,0
BRDA:179,19,1,0
BRDA:180,20,0,0
BRDA:180,20,1,0
BRDA:221,21,0,0
BRDA:221,21,1,0
BRDA:224,22,0,0
BRDA:224,22,1,0
BRF:50
BRH:0
end_of_record
TN:
SF:routes\roles.js
FN:7,(anonymous_0)
FN:12,(anonymous_1)
FNF:2
FNH:0
FNDA:0,(anonymous_0)
FNDA:0,(anonymous_1)
DA:1,3
DA:3,3
DA:4,3
DA:5,3
DA:7,3
DA:8,0
DA:9,0
DA:12,3
DA:13,0
DA:14,0
DA:15,0
DA:18,3
LF:12
LH:7
BRDA:14,0,0,0
BRDA:14,0,1,0
BRF:2
BRH:0
end_of_record
TN:
SF:routes\semesters.js
FN:13,(anonymous_0)
FN:18,(anonymous_1)
FN:23,(anonymous_2)
FN:47,(anonymous_3)
FN:76,(anonymous_4)
FNF:5
FNH:2
FNDA:1,(anonymous_0)
FNDA:2,(anonymous_1)
FNDA:0,(anonymous_2)
FNDA:0,(anonymous_3)
FNDA:0,(anonymous_4)
DA:1,3
DA:2,3
DA:4,3
DA:5,3
DA:6,3
DA:7,3
DA:8,3
DA:9,3
DA:11,3
DA:13,3
DA:14,1
DA:15,1
DA:18,3
DA:19,2
DA:20,2
DA:23,3
DA:24,0
DA:26,0
DA:28,0
DA:29,0
DA:31,0
DA:37,0
DA:39,0
DA:40,0
DA:41,0
DA:44,3
DA:48,0
DA:50,0
DA:52,0
DA:54,0
DA:64,0
DA:65,0
DA:69,0
DA:70,0
DA:72,0
DA:76,3
DA:77,0
DA:79,0
DA:81,0
DA:82,0
DA:89,0
DA:91,0
DA:92,0
DA:94,0
DA:95,0
DA:97,0
DA:100,3
LF:47
LH:19
BRDA:29,0,0,0
BRDA:29,0,1,0
BRDA:64,1,0,0
BRDA:64,1,1,0
BRDA:81,2,0,0
BRDA:81,2,1,0
BRDA:91,3,0,0
BRDA:91,3,1,0
BRF:8
BRH:0
end_of_record
TN:
SF:routes\students.js
FN:12,(anonymous_0)
FN:17,(anonymous_1)
FN:23,(anonymous_2)
FN:49,(anonymous_3)
FN:90,(anonymous_4)
FN:106,(anonymous_5)
FN:119,(anonymous_6)
FNF:7
FNH:0
FNDA:0,(anonymous_0)
FNDA:0,(anonymous_1)
FNDA:0,(anonymous_2)
FNDA:0,(anonymous_3)
FNDA:0,(anonymous_4)
FNDA:0,(anonymous_5)
FNDA:0,(anonymous_6)
DA:1,3
DA:2,3
DA:3,3
DA:5,3
DA:6,3
DA:7,3
DA:8,3
DA:10,3
DA:12,3
DA:13,0
DA:14,0
DA:17,3
DA:18,0
DA:19,0
DA:20,0
DA:23,3
DA:24,0
DA:26,0
DA:28,0
DA:29,0
DA:31,0
DA:32,0
DA:34,0
DA:38,0
DA:46,0
DA:47,0
DA:48,0
DA:49,0
DA:50,0
DA:61,0
DA:76,0
DA:77,0
DA:78,0
DA:79,0
DA:80,0
DA:82,0
DA:83,0
DA:87,3
DA:91,0
DA:97,0
DA:98,0
DA:102,0
DA:106,3
DA:107,0
DA:108,0
DA:110,0
DA:114,0
DA:115,0
DA:116,0
DA:119,3
DA:120,0
DA:121,0
DA:122,0
DA:126,0
DA:127,0
DA:128,0
DA:131,0
DA:134,3
LF:58
LH:15
BRDA:19,0,0,0
BRDA:19,0,1,0
BRDA:29,1,0,0
BRDA:29,1,1,0
BRDA:32,2,0,0
BRDA:32,2,1,0
BRDA:97,3,0,0
BRDA:97,3,1,0
BRDA:115,4,0,0
BRDA:115,4,1,0
BRDA:121,5,0,0
BRDA:121,5,1,0
BRF:12
BRH:0
end_of_record
TN:
SF:routes\users.js
FN:18,(anonymous_0)
FN:23,(anonymous_1)
FN:29,(anonymous_2)
FN:67,(anonymous_3)
FN:75,(anonymous_4)
FN:106,(anonymous_5)
FN:173,(anonymous_6)
FNF:7
FNH:0
FNDA:0,(anonymous_0)
FNDA:0,(anonymous_1)
FNDA:0,(anonymous_2)
FNDA:0,(anonymous_3)
FNDA:0,(anonymous_4)
FNDA:0,(anonymous_5)
FNDA:0,(anonymous_6)
DA:1,3
DA:2,3
DA:3,3
DA:4,3
DA:6,3
DA:7,3
DA:8,3
DA:9,3
DA:10,3
DA:11,3
DA:12,3
DA:13,3
DA:14,3
DA:16,3
DA:18,3
DA:19,0
DA:20,0
DA:23,3
DA:24,0
DA:25,0
DA:26,0
DA:29,3
DA:30,0
DA:32,0
DA:34,0
DA:36,0
DA:37,0
DA:39,0
DA:40,0
DA:42,0
DA:43,0
DA:45,0
DA:46,0
DA:48,0
DA:49,0
DA:51,0
DA:52,0
DA:54,0
DA:56,0
DA:67,0
DA:72,0
DA:73,0
DA:74,0
DA:75,0
DA:76,0
DA:91,0
DA:93,0
DA:94,0
DA:96,0
DA:97,0
DA:99,0
DA:103,3
DA:107,0
DA:108,0
DA:110,0
DA:112,0
DA:114,0
DA:115,0
DA:117,0
DA:118,0
DA:120,0
DA:121,0
DA:122,0
DA:124,0
DA:125,0
DA:126,0
DA:142,0
DA:156,0
DA:157,0
DA:159,0
DA:160,0
DA:162,0
DA:163,0
DA:165,0
DA:167,0
DA:168,0
DA:173,3
DA:174,0
DA:176,0
DA:178,0
DA:179,0
DA:180,0
DA:182,0
DA:183,0
DA:189,0
DA:191,0
DA:192,0
DA:193,0
DA:195,0
DA:198,3
LF:90
LH:20
BRDA:25,0,0,0
BRDA:25,0,1,0
BRDA:37,1,0,0
BRDA:37,1,1,0
BRDA:40,2,0,0
BRDA:40,2,1,0
BRDA:42,3,0,0
BRDA:42,3,1,0
BRDA:46,4,0,0
BRDA:46,4,1,0
BRDA:48,5,0,0
BRDA:48,5,1,0
BRDA:52,6,0,0
BRDA:52,6,1,0
BRDA:115,7,0,0
BRDA:115,7,1,0
BRDA:118,8,0,0
BRDA:118,8,1,0
BRDA:121,9,0,0
BRDA:121,9,1,0
BRDA:179,10,0,0
BRDA:179,10,1,0
BRDA:182,11,0,0
BRDA:182,11,1,0
BRF:24
BRH:0
end_of_record
TN:
SF:startup\db.js
FN:5,(anonymous_0)
FN:14,(anonymous_1)
FNF:2
FNH:2
FNDA:3,(anonymous_0)
FNDA:3,(anonymous_1)
DA:1,3
DA:2,3
DA:3,3
DA:5,3
DA:6,3
DA:7,3
DA:14,3
LF:7
LH:7
BRF:0
BRH:0
end_of_record
TN:
SF:startup\logging.js
FN:5,(anonymous_0)
FN:11,(anonymous_1)
FNF:2
FNH:1
FNDA:3,(anonymous_0)
FNDA:0,(anonymous_1)
DA:1,3
DA:3,3
DA:5,3
DA:6,3
DA:11,3
DA:12,0
DA:15,3
LF:7
LH:6
BRF:0
BRH:0
end_of_record
TN:
SF:startup\prod.js
FN:6,(anonymous_0)
FNF:1
FNH:1
FNDA:3,(anonymous_0)
DA:1,3
DA:2,3
DA:3,3
DA:4,3
DA:6,3
DA:7,3
DA:8,3
DA:14,3
DA:20,3
LF:9
LH:9
BRF:0
BRH:0
end_of_record
TN:
SF:startup\routes.js
FN:13,(anonymous_0)
FNF:1
FNH:1
FNDA:3,(anonymous_0)
DA:1,3
DA:3,3
DA:4,3
DA:5,3
DA:6,3
DA:7,3
DA:8,3
DA:9,3
DA:10,3
DA:11,3
DA:13,3
DA:14,3
DA:15,3
DA:16,3
DA:17,3
DA:18,3
DA:19,3
DA:20,3
DA:21,3
DA:22,3
DA:23,3
LF:21
LH:21
BRF:0
BRH:0
end_of_record
TN:
SF:startup\validation.js
FN:3,(anonymous_0)
FNF:1
FNH:1
FNDA:3,(anonymous_0)
DA:1,3
DA:3,3
DA:4,3
LF:3
LH:3
BRF:0
BRH:0
end_of_record
TN:
SF:utils\transaction.js
FNF:0
FNH:0
DA:1,3
DA:2,3
DA:4,3
DA:6,3
LF:4
LH:4
BRF:0
BRH:0
end_of_record
